000 (252365.000.000) 10/20 00:22:08 Job submitted from host: <131.225.189.208:52008>
...
001 (252365.000.000) 10/20 00:30:55 Job executing on host: <131.225.189.148:41945>
...
006 (252365.000.000) 10/20 00:31:04 Image size of job updated: 3
	3  -  MemoryUsage of job (MB)
	2100  -  ResidentSetSize of job (KB)
...
006 (252365.000.000) 10/20 00:32:05 Image size of job updated: 214280
	76  -  MemoryUsage of job (MB)
	77056  -  ResidentSetSize of job (KB)
...
006 (252365.000.000) 10/20 00:33:06 Image size of job updated: 362832
	173  -  MemoryUsage of job (MB)
	176792  -  ResidentSetSize of job (KB)
...
006 (252365.000.000) 10/20 00:34:07 Image size of job updated: 362832
	187  -  MemoryUsage of job (MB)
	191452  -  ResidentSetSize of job (KB)
...
006 (252365.000.000) 10/20 00:35:08 Image size of job updated: 362832
	191  -  MemoryUsage of job (MB)
	195220  -  ResidentSetSize of job (KB)
...
006 (252365.000.000) 10/20 00:36:09 Image size of job updated: 363316
	195  -  MemoryUsage of job (MB)
	199236  -  ResidentSetSize of job (KB)
...
006 (252365.000.000) 10/20 00:37:10 Image size of job updated: 369232
	197  -  MemoryUsage of job (MB)
	200840  -  ResidentSetSize of job (KB)
...
006 (252365.000.000) 10/20 00:41:14 Image size of job updated: 369232
	199  -  MemoryUsage of job (MB)
	203444  -  ResidentSetSize of job (KB)
...
006 (252365.000.000) 10/20 00:43:16 Image size of job updated: 369232
	199  -  MemoryUsage of job (MB)
	203520  -  ResidentSetSize of job (KB)
...
006 (252365.000.000) 10/20 00:48:21 Image size of job updated: 369276
	199  -  MemoryUsage of job (MB)
	203520  -  ResidentSetSize of job (KB)
...
006 (252365.000.000) 10/20 00:53:26 Image size of job updated: 369276
	200  -  MemoryUsage of job (MB)
	203980  -  ResidentSetSize of job (KB)
...
006 (252365.000.000) 10/20 00:54:27 Image size of job updated: 369276
	200  -  MemoryUsage of job (MB)
	204212  -  ResidentSetSize of job (KB)
...
006 (252365.000.000) 10/20 00:59:32 Image size of job updated: 369276
	201  -  MemoryUsage of job (MB)
	204940  -  ResidentSetSize of job (KB)
...
006 (252365.000.000) 10/20 01:02:35 Image size of job updated: 369276
	201  -  MemoryUsage of job (MB)
	205172  -  ResidentSetSize of job (KB)
...
006 (252365.000.000) 10/20 01:03:36 Image size of job updated: 369276
	202  -  MemoryUsage of job (MB)
	206364  -  ResidentSetSize of job (KB)
...
006 (252365.000.000) 10/20 01:08:36 Image size of job updated: 369952
	202  -  MemoryUsage of job (MB)
	206364  -  ResidentSetSize of job (KB)
...
006 (252365.000.000) 10/20 01:15:36 Image size of job updated: 372100
	202  -  MemoryUsage of job (MB)
	206364  -  ResidentSetSize of job (KB)
...
006 (252365.000.000) 10/20 01:24:36 Image size of job updated: 372876
	204  -  MemoryUsage of job (MB)
	208692  -  ResidentSetSize of job (KB)
...
006 (252365.000.000) 10/20 01:37:36 Image size of job updated: 374416
	204  -  MemoryUsage of job (MB)
	208692  -  ResidentSetSize of job (KB)
...
006 (252365.000.000) 10/20 01:44:36 Image size of job updated: 374864
	204  -  MemoryUsage of job (MB)
	208692  -  ResidentSetSize of job (KB)
...
006 (252365.000.000) 10/20 01:48:36 Image size of job updated: 374864
	205  -  MemoryUsage of job (MB)
	209400  -  ResidentSetSize of job (KB)
...
006 (252365.000.000) 10/20 01:51:36 Image size of job updated: 377200
	205  -  MemoryUsage of job (MB)
	209400  -  ResidentSetSize of job (KB)
...
006 (252365.000.000) 10/20 01:57:36 Image size of job updated: 377200
	205  -  MemoryUsage of job (MB)
	209792  -  ResidentSetSize of job (KB)
...
006 (252365.000.000) 10/20 02:16:36 Image size of job updated: 377200
	206  -  MemoryUsage of job (MB)
	210248  -  ResidentSetSize of job (KB)
...
006 (252365.000.000) 10/20 02:21:36 Image size of job updated: 377200
	208  -  MemoryUsage of job (MB)
	212164  -  ResidentSetSize of job (KB)
...
006 (252365.000.000) 10/20 02:24:36 Image size of job updated: 377340
	208  -  MemoryUsage of job (MB)
	212164  -  ResidentSetSize of job (KB)
...
006 (252365.000.000) 10/20 02:29:36 Image size of job updated: 377808
	208  -  MemoryUsage of job (MB)
	212164  -  ResidentSetSize of job (KB)
...
006 (252365.000.000) 10/20 02:31:36 Image size of job updated: 377812
	208  -  MemoryUsage of job (MB)
	212264  -  ResidentSetSize of job (KB)
...
006 (252365.000.000) 10/20 02:39:36 Image size of job updated: 377812
	208  -  MemoryUsage of job (MB)
	212716  -  ResidentSetSize of job (KB)
...
006 (252365.000.000) 10/20 02:50:36 Image size of job updated: 377916
	208  -  MemoryUsage of job (MB)
	212716  -  ResidentSetSize of job (KB)
...
006 (252365.000.000) 10/20 02:52:36 Image size of job updated: 377916
	209  -  MemoryUsage of job (MB)
	213556  -  ResidentSetSize of job (KB)
...
006 (252365.000.000) 10/20 02:58:36 Image size of job updated: 379160
	209  -  MemoryUsage of job (MB)
	213556  -  ResidentSetSize of job (KB)
...
006 (252365.000.000) 10/20 03:07:39 Image size of job updated: 379664
	209  -  MemoryUsage of job (MB)
	213556  -  ResidentSetSize of job (KB)
...
006 (252365.000.000) 10/20 03:14:46 Image size of job updated: 380524
	209  -  MemoryUsage of job (MB)
	213556  -  ResidentSetSize of job (KB)
...
006 (252365.000.000) 10/20 03:16:48 Image size of job updated: 380524
	209  -  MemoryUsage of job (MB)
	213732  -  ResidentSetSize of job (KB)
...
006 (252365.000.000) 10/20 03:31:02 Image size of job updated: 380916
	209  -  MemoryUsage of job (MB)
	213732  -  ResidentSetSize of job (KB)
...
006 (252365.000.000) 10/20 03:34:05 Image size of job updated: 380916
	210  -  MemoryUsage of job (MB)
	214216  -  ResidentSetSize of job (KB)
...
006 (252365.000.000) 10/20 03:35:06 Image size of job updated: 380960
	210  -  MemoryUsage of job (MB)
	214216  -  ResidentSetSize of job (KB)
...
006 (252365.000.000) 10/20 03:42:13 Image size of job updated: 381408
	210  -  MemoryUsage of job (MB)
	214216  -  ResidentSetSize of job (KB)
...
006 (252365.000.000) 10/20 03:45:16 Image size of job updated: 381724
	210  -  MemoryUsage of job (MB)
	214216  -  ResidentSetSize of job (KB)
...
006 (252365.000.000) 10/20 03:49:20 Image size of job updated: 381872
	210  -  MemoryUsage of job (MB)
	214216  -  ResidentSetSize of job (KB)
...
006 (252365.000.000) 10/20 03:58:29 Image size of job updated: 382284
	210  -  MemoryUsage of job (MB)
	214216  -  ResidentSetSize of job (KB)
...
006 (252365.000.000) 10/20 03:59:30 Image size of job updated: 382568
	210  -  MemoryUsage of job (MB)
	214976  -  ResidentSetSize of job (KB)
...
006 (252365.000.000) 10/20 04:01:32 Image size of job updated: 382948
	210  -  MemoryUsage of job (MB)
	214976  -  ResidentSetSize of job (KB)
...
006 (252365.000.000) 10/20 04:03:34 Image size of job updated: 383032
	210  -  MemoryUsage of job (MB)
	214976  -  ResidentSetSize of job (KB)
...
006 (252365.000.000) 10/20 04:08:39 Image size of job updated: 383076
	210  -  MemoryUsage of job (MB)
	214976  -  ResidentSetSize of job (KB)
...
006 (252365.000.000) 10/20 04:11:42 Image size of job updated: 383568
	210  -  MemoryUsage of job (MB)
	214976  -  ResidentSetSize of job (KB)
...
006 (252365.000.000) 10/20 04:13:44 Image size of job updated: 385324
	212  -  MemoryUsage of job (MB)
	216992  -  ResidentSetSize of job (KB)
...
006 (252365.000.000) 10/20 04:17:48 Image size of job updated: 388228
	216  -  MemoryUsage of job (MB)
	220244  -  ResidentSetSize of job (KB)
...
006 (252365.000.000) 10/20 05:29:28 Image size of job updated: 388864
	216  -  MemoryUsage of job (MB)
	220244  -  ResidentSetSize of job (KB)
...
005 (252365.000.000) 10/20 05:33:12 Job terminated.
	(1) Normal termination (return value 0)
		Usr 0 03:39:51, Sys 0 00:13:31  -  Run Remote Usage
		Usr 0 00:00:00, Sys 0 00:00:00  -  Run Local Usage
		Usr 0 03:39:51, Sys 0 00:13:31  -  Total Remote Usage
		Usr 0 00:00:00, Sys 0 00:00:00  -  Total Local Usage
	1880708  -  Run Bytes Sent By Job
	2196  -  Run Bytes Received By Job
	1880708  -  Total Bytes Sent By Job
	2196  -  Total Bytes Received By Job
	Partitionable Resources :    Usage  Request          
	   Cpus                 :                 1          
	   Disk (KB)            :     3869     3869          
	   Memory (MB)          :      216      216          
...
