000 (252372.000.000) 10/20 00:22:09 Job submitted from host: <131.225.189.208:52008>
...
001 (252372.000.000) 10/20 00:32:54 Job executing on host: <131.225.205.195:45412>
...
006 (252372.000.000) 10/20 00:33:03 Image size of job updated: 209804
	75  -  MemoryUsage of job (MB)
	76576  -  ResidentSetSize of job (KB)
...
006 (252372.000.000) 10/20 00:34:04 Image size of job updated: 209804
	75  -  MemoryUsage of job (MB)
	76608  -  ResidentSetSize of job (KB)
...
006 (252372.000.000) 10/20 00:35:05 Image size of job updated: 209804
	75  -  MemoryUsage of job (MB)
	76648  -  ResidentSetSize of job (KB)
...
006 (252372.000.000) 10/20 00:36:06 Image size of job updated: 353268
	202  -  MemoryUsage of job (MB)
	206120  -  ResidentSetSize of job (KB)
...
006 (252372.000.000) 10/20 00:37:07 Image size of job updated: 354472
	209  -  MemoryUsage of job (MB)
	213912  -  ResidentSetSize of job (KB)
...
006 (252372.000.000) 10/20 00:38:08 Image size of job updated: 354472
	210  -  MemoryUsage of job (MB)
	214340  -  ResidentSetSize of job (KB)
...
006 (252372.000.000) 10/20 00:39:09 Image size of job updated: 354472
	210  -  MemoryUsage of job (MB)
	214608  -  ResidentSetSize of job (KB)
...
006 (252372.000.000) 10/20 00:40:10 Image size of job updated: 354472
	211  -  MemoryUsage of job (MB)
	215196  -  ResidentSetSize of job (KB)
...
006 (252372.000.000) 10/20 00:41:11 Image size of job updated: 354472
	211  -  MemoryUsage of job (MB)
	215556  -  ResidentSetSize of job (KB)
...
006 (252372.000.000) 10/20 00:42:12 Image size of job updated: 354472
	211  -  MemoryUsage of job (MB)
	215772  -  ResidentSetSize of job (KB)
...
006 (252372.000.000) 10/20 00:43:13 Image size of job updated: 354472
	212  -  MemoryUsage of job (MB)
	216108  -  ResidentSetSize of job (KB)
...
006 (252372.000.000) 10/20 00:44:14 Image size of job updated: 354472
	212  -  MemoryUsage of job (MB)
	216292  -  ResidentSetSize of job (KB)
...
006 (252372.000.000) 10/20 00:45:15 Image size of job updated: 354472
	212  -  MemoryUsage of job (MB)
	216356  -  ResidentSetSize of job (KB)
...
006 (252372.000.000) 10/20 00:46:16 Image size of job updated: 362896
	221  -  MemoryUsage of job (MB)
	225892  -  ResidentSetSize of job (KB)
...
006 (252372.000.000) 10/20 00:57:27 Image size of job updated: 363980
	221  -  MemoryUsage of job (MB)
	225892  -  ResidentSetSize of job (KB)
...
006 (252372.000.000) 10/20 00:59:29 Image size of job updated: 364068
	221  -  MemoryUsage of job (MB)
	225892  -  ResidentSetSize of job (KB)
...
006 (252372.000.000) 10/20 01:06:36 Image size of job updated: 364068
	222  -  MemoryUsage of job (MB)
	226808  -  ResidentSetSize of job (KB)
...
006 (252372.000.000) 10/20 01:08:38 Image size of job updated: 364068
	223  -  MemoryUsage of job (MB)
	228232  -  ResidentSetSize of job (KB)
...
006 (252372.000.000) 10/20 01:16:46 Image size of job updated: 364920
	225  -  MemoryUsage of job (MB)
	229536  -  ResidentSetSize of job (KB)
...
006 (252372.000.000) 10/20 01:35:47 Image size of job updated: 367896
	225  -  MemoryUsage of job (MB)
	229536  -  ResidentSetSize of job (KB)
...
006 (252372.000.000) 10/20 01:37:47 Image size of job updated: 367896
	226  -  MemoryUsage of job (MB)
	231364  -  ResidentSetSize of job (KB)
...
006 (252372.000.000) 10/20 01:40:47 Image size of job updated: 369528
	228  -  MemoryUsage of job (MB)
	233048  -  ResidentSetSize of job (KB)
...
006 (252372.000.000) 10/20 01:48:47 Image size of job updated: 369872
	228  -  MemoryUsage of job (MB)
	233048  -  ResidentSetSize of job (KB)
...
006 (252372.000.000) 10/20 01:58:47 Image size of job updated: 373664
	228  -  MemoryUsage of job (MB)
	233048  -  ResidentSetSize of job (KB)
...
006 (252372.000.000) 10/20 02:00:47 Image size of job updated: 373664
	228  -  MemoryUsage of job (MB)
	233296  -  ResidentSetSize of job (KB)
...
006 (252372.000.000) 10/20 02:05:47 Image size of job updated: 373664
	229  -  MemoryUsage of job (MB)
	233536  -  ResidentSetSize of job (KB)
...
006 (252372.000.000) 10/20 02:12:47 Image size of job updated: 373732
	230  -  MemoryUsage of job (MB)
	234852  -  ResidentSetSize of job (KB)
...
006 (252372.000.000) 10/20 02:22:47 Image size of job updated: 374496
	230  -  MemoryUsage of job (MB)
	234852  -  ResidentSetSize of job (KB)
...
006 (252372.000.000) 10/20 02:30:47 Image size of job updated: 375452
	230  -  MemoryUsage of job (MB)
	234852  -  ResidentSetSize of job (KB)
...
006 (252372.000.000) 10/20 02:35:47 Image size of job updated: 375452
	231  -  MemoryUsage of job (MB)
	235884  -  ResidentSetSize of job (KB)
...
006 (252372.000.000) 10/20 02:37:47 Image size of job updated: 375752
	231  -  MemoryUsage of job (MB)
	235884  -  ResidentSetSize of job (KB)
...
006 (252372.000.000) 10/20 02:40:47 Image size of job updated: 375752
	231  -  MemoryUsage of job (MB)
	236260  -  ResidentSetSize of job (KB)
...
006 (252372.000.000) 10/20 02:44:47 Image size of job updated: 376068
	231  -  MemoryUsage of job (MB)
	236260  -  ResidentSetSize of job (KB)
...
006 (252372.000.000) 10/20 02:46:47 Image size of job updated: 376068
	231  -  MemoryUsage of job (MB)
	236452  -  ResidentSetSize of job (KB)
...
006 (252372.000.000) 10/20 02:49:47 Image size of job updated: 376168
	231  -  MemoryUsage of job (MB)
	236452  -  ResidentSetSize of job (KB)
...
006 (252372.000.000) 10/20 03:00:53 Image size of job updated: 377192
	231  -  MemoryUsage of job (MB)
	236452  -  ResidentSetSize of job (KB)
...
006 (252372.000.000) 10/20 03:02:55 Image size of job updated: 377308
	231  -  MemoryUsage of job (MB)
	236452  -  ResidentSetSize of job (KB)
...
006 (252372.000.000) 10/20 03:04:57 Image size of job updated: 378924
	231  -  MemoryUsage of job (MB)
	236452  -  ResidentSetSize of job (KB)
...
006 (252372.000.000) 10/20 03:06:59 Image size of job updated: 378924
	233  -  MemoryUsage of job (MB)
	238348  -  ResidentSetSize of job (KB)
...
006 (252372.000.000) 10/20 03:20:12 Image size of job updated: 379844
	233  -  MemoryUsage of job (MB)
	238348  -  ResidentSetSize of job (KB)
...
006 (252372.000.000) 10/20 03:22:14 Image size of job updated: 380124
	233  -  MemoryUsage of job (MB)
	238348  -  ResidentSetSize of job (KB)
...
006 (252372.000.000) 10/20 03:24:16 Image size of job updated: 380124
	234  -  MemoryUsage of job (MB)
	239016  -  ResidentSetSize of job (KB)
...
006 (252372.000.000) 10/20 03:31:23 Image size of job updated: 380676
	235  -  MemoryUsage of job (MB)
	239940  -  ResidentSetSize of job (KB)
...
006 (252372.000.000) 10/20 03:32:24 Image size of job updated: 381168
	235  -  MemoryUsage of job (MB)
	240240  -  ResidentSetSize of job (KB)
...
006 (252372.000.000) 10/20 03:38:30 Image size of job updated: 381576
	236  -  MemoryUsage of job (MB)
	241084  -  ResidentSetSize of job (KB)
...
006 (252372.000.000) 10/20 03:52:44 Image size of job updated: 382436
	236  -  MemoryUsage of job (MB)
	241084  -  ResidentSetSize of job (KB)
...
006 (252372.000.000) 10/20 03:53:45 Image size of job updated: 382888
	236  -  MemoryUsage of job (MB)
	241084  -  ResidentSetSize of job (KB)
...
006 (252372.000.000) 10/20 04:01:53 Image size of job updated: 383616
	236  -  MemoryUsage of job (MB)
	241084  -  ResidentSetSize of job (KB)
...
006 (252372.000.000) 10/20 04:02:54 Image size of job updated: 383796
	236  -  MemoryUsage of job (MB)
	241084  -  ResidentSetSize of job (KB)
...
006 (252372.000.000) 10/20 04:06:58 Image size of job updated: 383980
	236  -  MemoryUsage of job (MB)
	241084  -  ResidentSetSize of job (KB)
...
006 (252372.000.000) 10/20 04:07:59 Image size of job updated: 385488
	239  -  MemoryUsage of job (MB)
	243908  -  ResidentSetSize of job (KB)
...
006 (252372.000.000) 10/20 04:22:13 Image size of job updated: 386392
	240  -  MemoryUsage of job (MB)
	244824  -  ResidentSetSize of job (KB)
...
005 (252372.000.000) 10/20 04:29:15 Job terminated.
	(1) Normal termination (return value 0)
		Usr 0 03:01:33, Sys 0 00:07:36  -  Run Remote Usage
		Usr 0 00:00:00, Sys 0 00:00:00  -  Run Local Usage
		Usr 0 03:01:33, Sys 0 00:07:36  -  Total Remote Usage
		Usr 0 00:00:00, Sys 0 00:00:00  -  Total Local Usage
	1851708  -  Run Bytes Sent By Job
	2196  -  Run Bytes Received By Job
	1851708  -  Total Bytes Sent By Job
	2196  -  Total Bytes Received By Job
	Partitionable Resources :    Usage  Request          
	   Cpus                 :                 1          
	   Disk (KB)            :     3843     3843          
	   Memory (MB)          :      240      240          
...
