loaded

Processing rootiamo_jobAllData.C...
In ChainMaker
root file .txt list: input file stream bad? 0 is No, 1 is Yes: 0.
There are 6787053events
filename TP_Data_7500_jets.root
TP_Data_7500_jets
Will run All events.
MC is: 0 Mass is: 100
Outfile is writeable.  Starting loop.
Starting: 6787053 of 6787053
entry  0
entry  10000
entry  20000
entry  30000
entry  40000
entry  50000
entry  60000
entry  70000
entry  80000
entry  90000
entry  100000
entry  110000
entry  120000
entry  130000
entry  140000
entry  150000
entry  160000
entry  170000
entry  180000
entry  190000
entry  200000
entry  210000
entry  220000
entry  230000
entry  240000
entry  250000
entry  260000
entry  270000
entry  280000
entry  290000
entry  300000
entry  310000
entry  320000
entry  330000
entry  340000
entry  350000
entry  360000
entry  370000
entry  380000
entry  390000
entry  400000
entry  410000
entry  420000
entry  430000
entry  440000
entry  450000
entry  460000
entry  470000
entry  480000
entry  490000
entry  500000
entry  510000
entry  520000
entry  530000
entry  540000
entry  550000
entry  560000
entry  570000
entry  580000
entry  590000
entry  600000
entry  610000
entry  620000
entry  630000
entry  640000
entry  650000
entry  660000
entry  670000
entry  680000
entry  690000
entry  700000
entry  710000
entry  720000
entry  730000
entry  740000
entry  750000
entry  760000
entry  770000
entry  780000
entry  790000
entry  800000
entry  810000
entry  820000
entry  830000
entry  840000
entry  850000
entry  860000
entry  870000
entry  880000
entry  890000
entry  900000
entry  910000
entry  920000
entry  930000
entry  940000
entry  950000
entry  960000
entry  970000
entry  980000
entry  990000
entry  1000000
entry  1010000
entry  1020000
entry  1030000
entry  1040000
entry  1050000
entry  1060000
entry  1070000
entry  1080000
entry  1090000
entry  1100000
entry  1110000
entry  1120000
entry  1130000
entry  1140000
entry  1150000
entry  1160000
entry  1170000
entry  1180000
entry  1190000
entry  1200000
entry  1210000
entry  1220000
entry  1230000
entry  1240000
entry  1250000
entry  1260000
entry  1270000
entry  1280000
entry  1290000
entry  1300000
entry  1310000
entry  1320000
entry  1330000
entry  1340000
entry  1350000
entry  1360000
entry  1370000
entry  1380000
entry  1390000
entry  1400000
entry  1410000
entry  1420000
entry  1430000
entry  1440000
entry  1450000
entry  1460000
entry  1470000
entry  1480000
entry  1490000
entry  1500000
entry  1510000
entry  1520000
entry  1530000
entry  1540000
entry  1550000
entry  1560000
entry  1570000
entry  1580000
entry  1590000
entry  1600000
entry  1610000
entry  1620000
entry  1630000
entry  1640000
entry  1650000
entry  1660000
entry  1670000
entry  1680000
entry  1690000
entry  1700000
entry  1710000
entry  1720000
entry  1730000
entry  1740000
entry  1750000
entry  1760000
entry  1770000
entry  1780000
entry  1790000
entry  1800000
entry  1810000
entry  1820000
entry  1830000
entry  1840000
entry  1850000
entry  1860000
entry  1870000
entry  1880000
entry  1890000
entry  1900000
entry  1910000
entry  1920000
entry  1930000
entry  1940000
entry  1950000
entry  1960000
entry  1970000
entry  1980000
entry  1990000
entry  2000000
entry  2010000
entry  2020000
entry  2030000
entry  2040000
entry  2050000
entry  2060000
entry  2070000
entry  2080000
entry  2090000
entry  2100000
entry  2110000
entry  2120000
entry  2130000
entry  2140000
entry  2150000
entry  2160000
entry  2170000
entry  2180000
entry  2190000
entry  2200000
entry  2210000
entry  2220000
entry  2230000
entry  2240000
entry  2250000
entry  2260000
entry  2270000
entry  2280000
entry  2290000
entry  2300000
entry  2310000
entry  2320000
entry  2330000
entry  2340000
entry  2350000
entry  2360000
entry  2370000
entry  2380000
entry  2390000
entry  2400000
entry  2410000
entry  2420000
entry  2430000
entry  2440000
entry  2450000
entry  2460000
entry  2470000
entry  2480000
entry  2490000
entry  2500000
entry  2510000
entry  2520000
entry  2530000
entry  2540000
entry  2550000
entry  2560000
entry  2570000
entry  2580000
entry  2590000
entry  2600000
entry  2610000
entry  2620000
entry  2630000
entry  2640000
entry  2650000
entry  2660000
entry  2670000
entry  2680000
entry  2690000
entry  2700000
entry  2710000
entry  2720000
entry  2730000
entry  2740000
entry  2750000
entry  2760000
entry  2770000
entry  2780000
entry  2790000
entry  2800000
entry  2810000
entry  2820000
entry  2830000
entry  2840000
entry  2850000
entry  2860000
entry  2870000
entry  2880000
entry  2890000
entry  2900000
entry  2910000
entry  2920000
entry  2930000
entry  2940000
entry  2950000
entry  2960000
entry  2970000
entry  2980000
entry  2990000
entry  3000000
entry  3010000
entry  3020000
entry  3030000
entry  3040000
entry  3050000
entry  3060000
entry  3070000
entry  3080000
entry  3090000
entry  3100000
entry  3110000
entry  3120000
entry  3130000
entry  3140000
entry  3150000
entry  3160000
entry  3170000
entry  3180000
entry  3190000
entry  3200000
entry  3210000
entry  3220000
entry  3230000
entry  3240000
entry  3250000
entry  3260000
entry  3270000
entry  3280000
entry  3290000
entry  3300000
entry  3310000
entry  3320000
entry  3330000
entry  3340000
entry  3350000
entry  3360000
entry  3370000
entry  3380000
entry  3390000
entry  3400000
entry  3410000
entry  3420000
entry  3430000
entry  3440000
entry  3450000
entry  3460000
entry  3470000
entry  3480000
entry  3490000
entry  3500000
entry  3510000
entry  3520000
entry  3530000
entry  3540000
entry  3550000
entry  3560000
entry  3570000
entry  3580000
entry  3590000
entry  3600000
entry  3610000
entry  3620000
entry  3630000
entry  3640000
entry  3650000
entry  3660000
entry  3670000
entry  3680000
entry  3690000
entry  3700000
entry  3710000
entry  3720000
entry  3730000
entry  3740000
entry  3750000
entry  3760000
entry  3770000
entry  3780000
entry  3790000
entry  3800000
entry  3810000
entry  3820000
entry  3830000
entry  3840000
entry  3850000
entry  3860000
entry  3870000
entry  3880000
entry  3890000
entry  3900000
entry  3910000
entry  3920000
entry  3930000
entry  3940000
entry  3950000
entry  3960000
entry  3970000
entry  3980000
entry  3990000
entry  4000000
entry  4010000
entry  4020000
entry  4030000
entry  4040000
entry  4050000
entry  4060000
entry  4070000
entry  4080000
entry  4090000
entry  4100000
entry  4110000
entry  4120000
entry  4130000
entry  4140000
entry  4150000
entry  4160000
entry  4170000
entry  4180000
entry  4190000
entry  4200000
entry  4210000
entry  4220000
entry  4230000
entry  4240000
entry  4250000
entry  4260000
entry  4270000
entry  4280000
entry  4290000
entry  4300000
entry  4310000
entry  4320000
entry  4330000
entry  4340000
entry  4350000
entry  4360000
entry  4370000
entry  4380000
entry  4390000
entry  4400000
entry  4410000
entry  4420000
entry  4430000
entry  4440000
entry  4450000
entry  4460000
entry  4470000
entry  4480000
entry  4490000
entry  4500000
entry  4510000
entry  4520000
entry  4530000
entry  4540000
entry  4550000
entry  4560000
entry  4570000
entry  4580000
entry  4590000
entry  4600000
entry  4610000
entry  4620000
entry  4630000
entry  4640000
entry  4650000
entry  4660000
entry  4670000
entry  4680000
entry  4690000
entry  4700000
entry  4710000
entry  4720000
entry  4730000
entry  4740000
entry  4750000
entry  4760000
entry  4770000
entry  4780000
entry  4790000
entry  4800000
entry  4810000
entry  4820000
entry  4830000
entry  4840000
entry  4850000
entry  4860000
entry  4870000
entry  4880000
entry  4890000
entry  4900000
entry  4910000
entry  4920000
entry  4930000
entry  4940000
entry  4950000
entry  4960000
entry  4970000
entry  4980000
entry  4990000
entry  5000000
entry  5010000
entry  5020000
entry  5030000
entry  5040000
entry  5050000
entry  5060000
entry  5070000
entry  5080000
entry  5090000
entry  5100000
entry  5110000
entry  5120000
entry  5130000
entry  5140000
entry  5150000
entry  5160000
entry  5170000
entry  5180000
entry  5190000
entry  5200000
entry  5210000
entry  5220000
entry  5230000
entry  5240000
entry  5250000
entry  5260000
entry  5270000
entry  5280000
entry  5290000
entry  5300000
entry  5310000
entry  5320000
entry  5330000
entry  5340000
entry  5350000
entry  5360000
entry  5370000
entry  5380000
entry  5390000
entry  5400000
entry  5410000
entry  5420000
entry  5430000
entry  5440000
entry  5450000
entry  5460000
entry  5470000
entry  5480000
entry  5490000
entry  5500000
entry  5510000
entry  5520000
entry  5530000
entry  5540000
entry  5550000
entry  5560000
entry  5570000
entry  5580000
entry  5590000
entry  5600000
entry  5610000
entry  5620000
entry  5630000
entry  5640000
entry  5650000
entry  5660000
entry  5670000
entry  5680000
entry  5690000
entry  5700000
entry  5710000
entry  5720000
entry  5730000
entry  5740000
entry  5750000
entry  5760000
entry  5770000
entry  5780000
entry  5790000
entry  5800000
entry  5810000
entry  5820000
entry  5830000
entry  5840000
entry  5850000
entry  5860000
entry  5870000
entry  5880000
entry  5890000
entry  5900000
entry  5910000
entry  5920000
entry  5930000
entry  5940000
entry  5950000
entry  5960000
entry  5970000
entry  5980000
entry  5990000
entry  6000000
entry  6010000
entry  6020000
entry  6030000
entry  6040000
entry  6050000
entry  6060000
entry  6070000
entry  6080000
entry  6090000
entry  6100000
entry  6110000
entry  6120000
entry  6130000
entry  6140000
entry  6150000
entry  6160000
entry  6170000
entry  6180000
entry  6190000
entry  6200000
entry  6210000
entry  6220000
entry  6230000
entry  6240000
entry  6250000
entry  6260000
entry  6270000
entry  6280000
entry  6290000
entry  6300000
entry  6310000
entry  6320000
entry  6330000
entry  6340000
entry  6350000
entry  6360000
entry  6370000
entry  6380000
entry  6390000
entry  6400000
entry  6410000
entry  6420000
entry  6430000
entry  6440000
entry  6450000
entry  6460000
entry  6470000
entry  6480000
entry  6490000
entry  6500000
entry  6510000
entry  6520000
entry  6530000
entry  6540000
entry  6550000
entry  6560000
entry  6570000
entry  6580000
entry  6590000
entry  6600000
entry  6610000
entry  6620000
entry  6630000
entry  6640000
entry  6650000
entry  6660000
entry  6670000
entry  6680000
entry  6690000
entry  6700000
entry  6710000
entry  6720000
entry  6730000
entry  6740000
entry  6750000
entry  6760000
entry  6770000
entry  6780000
Success! Loop can write output.
Total pairs: 0 >20: 6176
ID pass pairs: 0 >20: 6157
Iso pass pairs: 0 >20: 5214
both pass pairs: 0 >20: 5198
ID fail pairs: 0 >20: 19
Iso fail pairs: 0 >20: 962
both fail pairs: 0 >20: 3
Wrote histograms.
Wrote root file.
