000 (252370.000.000) 10/20 00:22:09 Job submitted from host: <131.225.189.208:52008>
...
001 (252370.000.000) 10/20 00:32:06 Job executing on host: <131.225.205.194:57963>
...
006 (252370.000.000) 10/20 00:32:15 Image size of job updated: 209748
	75  -  MemoryUsage of job (MB)
	76476  -  ResidentSetSize of job (KB)
...
006 (252370.000.000) 10/20 00:33:16 Image size of job updated: 209748
	75  -  MemoryUsage of job (MB)
	76560  -  ResidentSetSize of job (KB)
...
006 (252370.000.000) 10/20 00:34:17 Image size of job updated: 352360
	102  -  MemoryUsage of job (MB)
	103964  -  ResidentSetSize of job (KB)
...
006 (252370.000.000) 10/20 00:35:18 Image size of job updated: 360168
	202  -  MemoryUsage of job (MB)
	205832  -  ResidentSetSize of job (KB)
...
006 (252370.000.000) 10/20 00:36:19 Image size of job updated: 365284
	207  -  MemoryUsage of job (MB)
	211324  -  ResidentSetSize of job (KB)
...
006 (252370.000.000) 10/20 00:37:20 Image size of job updated: 365284
	215  -  MemoryUsage of job (MB)
	219384  -  ResidentSetSize of job (KB)
...
006 (252370.000.000) 10/20 00:38:21 Image size of job updated: 365284
	216  -  MemoryUsage of job (MB)
	220396  -  ResidentSetSize of job (KB)
...
006 (252370.000.000) 10/20 00:39:22 Image size of job updated: 365284
	216  -  MemoryUsage of job (MB)
	220848  -  ResidentSetSize of job (KB)
...
006 (252370.000.000) 10/20 00:40:23 Image size of job updated: 365284
	217  -  MemoryUsage of job (MB)
	221232  -  ResidentSetSize of job (KB)
...
006 (252370.000.000) 10/20 00:41:24 Image size of job updated: 365284
	218  -  MemoryUsage of job (MB)
	222452  -  ResidentSetSize of job (KB)
...
006 (252370.000.000) 10/20 00:42:25 Image size of job updated: 365284
	219  -  MemoryUsage of job (MB)
	223456  -  ResidentSetSize of job (KB)
...
006 (252370.000.000) 10/20 00:44:27 Image size of job updated: 365284
	220  -  MemoryUsage of job (MB)
	224376  -  ResidentSetSize of job (KB)
...
006 (252370.000.000) 10/20 00:52:35 Image size of job updated: 365284
	221  -  MemoryUsage of job (MB)
	225496  -  ResidentSetSize of job (KB)
...
006 (252370.000.000) 10/20 00:55:38 Image size of job updated: 365284
	221  -  MemoryUsage of job (MB)
	225832  -  ResidentSetSize of job (KB)
...
006 (252370.000.000) 10/20 00:59:42 Image size of job updated: 365284
	221  -  MemoryUsage of job (MB)
	226224  -  ResidentSetSize of job (KB)
...
006 (252370.000.000) 10/20 01:04:47 Image size of job updated: 365284
	222  -  MemoryUsage of job (MB)
	226372  -  ResidentSetSize of job (KB)
...
006 (252370.000.000) 10/20 01:10:53 Image size of job updated: 365284
	222  -  MemoryUsage of job (MB)
	226484  -  ResidentSetSize of job (KB)
...
006 (252370.000.000) 10/20 01:15:58 Image size of job updated: 366752
	223  -  MemoryUsage of job (MB)
	228044  -  ResidentSetSize of job (KB)
...
006 (252370.000.000) 10/20 01:16:59 Image size of job updated: 366752
	223  -  MemoryUsage of job (MB)
	228188  -  ResidentSetSize of job (KB)
...
006 (252370.000.000) 10/20 01:22:04 Image size of job updated: 366752
	224  -  MemoryUsage of job (MB)
	228756  -  ResidentSetSize of job (KB)
...
006 (252370.000.000) 10/20 01:26:08 Image size of job updated: 367712
	224  -  MemoryUsage of job (MB)
	228756  -  ResidentSetSize of job (KB)
...
006 (252370.000.000) 10/20 01:32:14 Image size of job updated: 367868
	224  -  MemoryUsage of job (MB)
	228756  -  ResidentSetSize of job (KB)
...
006 (252370.000.000) 10/20 01:34:16 Image size of job updated: 367944
	225  -  MemoryUsage of job (MB)
	229936  -  ResidentSetSize of job (KB)
...
006 (252370.000.000) 10/20 01:38:20 Image size of job updated: 368320
	225  -  MemoryUsage of job (MB)
	229936  -  ResidentSetSize of job (KB)
...
006 (252370.000.000) 10/20 01:42:24 Image size of job updated: 369204
	226  -  MemoryUsage of job (MB)
	230740  -  ResidentSetSize of job (KB)
...
006 (252370.000.000) 10/20 01:54:36 Image size of job updated: 369652
	226  -  MemoryUsage of job (MB)
	230740  -  ResidentSetSize of job (KB)
...
006 (252370.000.000) 10/20 01:55:37 Image size of job updated: 370404
	226  -  MemoryUsage of job (MB)
	230740  -  ResidentSetSize of job (KB)
...
006 (252370.000.000) 10/20 01:57:39 Image size of job updated: 370404
	226  -  MemoryUsage of job (MB)
	231084  -  ResidentSetSize of job (KB)
...
006 (252370.000.000) 10/20 02:02:42 Image size of job updated: 370404
	227  -  MemoryUsage of job (MB)
	231544  -  ResidentSetSize of job (KB)
...
006 (252370.000.000) 10/20 02:09:42 Image size of job updated: 371108
	227  -  MemoryUsage of job (MB)
	232060  -  ResidentSetSize of job (KB)
...
006 (252370.000.000) 10/20 02:10:42 Image size of job updated: 371716
	227  -  MemoryUsage of job (MB)
	232060  -  ResidentSetSize of job (KB)
...
006 (252370.000.000) 10/20 02:11:42 Image size of job updated: 371716
	227  -  MemoryUsage of job (MB)
	232308  -  ResidentSetSize of job (KB)
...
006 (252370.000.000) 10/20 02:13:42 Image size of job updated: 373632
	227  -  MemoryUsage of job (MB)
	232308  -  ResidentSetSize of job (KB)
...
006 (252370.000.000) 10/20 02:16:42 Image size of job updated: 373632
	228  -  MemoryUsage of job (MB)
	232752  -  ResidentSetSize of job (KB)
...
006 (252370.000.000) 10/20 02:22:42 Image size of job updated: 373632
	228  -  MemoryUsage of job (MB)
	233296  -  ResidentSetSize of job (KB)
...
006 (252370.000.000) 10/20 02:38:42 Image size of job updated: 373632
	228  -  MemoryUsage of job (MB)
	233312  -  ResidentSetSize of job (KB)
...
006 (252370.000.000) 10/20 02:39:42 Image size of job updated: 373632
	228  -  MemoryUsage of job (MB)
	233428  -  ResidentSetSize of job (KB)
...
006 (252370.000.000) 10/20 02:41:42 Image size of job updated: 373980
	228  -  MemoryUsage of job (MB)
	233428  -  ResidentSetSize of job (KB)
...
006 (252370.000.000) 10/20 02:42:42 Image size of job updated: 376328
	228  -  MemoryUsage of job (MB)
	233428  -  ResidentSetSize of job (KB)
...
006 (252370.000.000) 10/20 02:51:42 Image size of job updated: 376328
	229  -  MemoryUsage of job (MB)
	233656  -  ResidentSetSize of job (KB)
...
006 (252370.000.000) 10/20 02:52:42 Image size of job updated: 376784
	229  -  MemoryUsage of job (MB)
	233656  -  ResidentSetSize of job (KB)
...
006 (252370.000.000) 10/20 02:54:42 Image size of job updated: 376784
	230  -  MemoryUsage of job (MB)
	234924  -  ResidentSetSize of job (KB)
...
006 (252370.000.000) 10/20 02:55:42 Image size of job updated: 377840
	230  -  MemoryUsage of job (MB)
	234924  -  ResidentSetSize of job (KB)
...
006 (252370.000.000) 10/20 02:59:42 Image size of job updated: 377840
	230  -  MemoryUsage of job (MB)
	235172  -  ResidentSetSize of job (KB)
...
006 (252370.000.000) 10/20 03:02:42 Image size of job updated: 377840
	231  -  MemoryUsage of job (MB)
	235660  -  ResidentSetSize of job (KB)
...
006 (252370.000.000) 10/20 03:04:42 Image size of job updated: 377840
	232  -  MemoryUsage of job (MB)
	236668  -  ResidentSetSize of job (KB)
...
006 (252370.000.000) 10/20 03:08:42 Image size of job updated: 379600
	232  -  MemoryUsage of job (MB)
	237460  -  ResidentSetSize of job (KB)
...
006 (252370.000.000) 10/20 03:14:42 Image size of job updated: 380420
	232  -  MemoryUsage of job (MB)
	237460  -  ResidentSetSize of job (KB)
...
006 (252370.000.000) 10/20 03:18:42 Image size of job updated: 380420
	232  -  MemoryUsage of job (MB)
	237472  -  ResidentSetSize of job (KB)
...
006 (252370.000.000) 10/20 03:19:42 Image size of job updated: 380420
	233  -  MemoryUsage of job (MB)
	237616  -  ResidentSetSize of job (KB)
...
006 (252370.000.000) 10/20 03:22:42 Image size of job updated: 380420
	233  -  MemoryUsage of job (MB)
	238444  -  ResidentSetSize of job (KB)
...
006 (252370.000.000) 10/20 03:33:42 Image size of job updated: 380544
	234  -  MemoryUsage of job (MB)
	239012  -  ResidentSetSize of job (KB)
...
006 (252370.000.000) 10/20 03:37:42 Image size of job updated: 380544
	235  -  MemoryUsage of job (MB)
	239628  -  ResidentSetSize of job (KB)
...
006 (252370.000.000) 10/20 03:38:42 Image size of job updated: 381040
	235  -  MemoryUsage of job (MB)
	239628  -  ResidentSetSize of job (KB)
...
006 (252370.000.000) 10/20 03:39:42 Image size of job updated: 381808
	235  -  MemoryUsage of job (MB)
	239628  -  ResidentSetSize of job (KB)
...
006 (252370.000.000) 10/20 03:47:42 Image size of job updated: 383356
	235  -  MemoryUsage of job (MB)
	239628  -  ResidentSetSize of job (KB)
...
006 (252370.000.000) 10/20 03:50:42 Image size of job updated: 383356
	236  -  MemoryUsage of job (MB)
	240808  -  ResidentSetSize of job (KB)
...
006 (252370.000.000) 10/20 03:55:47 Image size of job updated: 383356
	236  -  MemoryUsage of job (MB)
	240912  -  ResidentSetSize of job (KB)
...
005 (252370.000.000) 10/20 03:59:49 Job terminated.
	(1) Normal termination (return value 0)
		Usr 0 02:39:07, Sys 0 00:07:37  -  Run Remote Usage
		Usr 0 00:00:00, Sys 0 00:00:00  -  Run Local Usage
		Usr 0 02:39:07, Sys 0 00:07:37  -  Total Remote Usage
		Usr 0 00:00:00, Sys 0 00:00:00  -  Total Local Usage
	1848302  -  Run Bytes Sent By Job
	2196  -  Run Bytes Received By Job
	1848302  -  Total Bytes Sent By Job
	2196  -  Total Bytes Received By Job
	Partitionable Resources :    Usage  Request          
	   Cpus                 :                 1          
	   Disk (KB)            :     3840     3840          
	   Memory (MB)          :      236      236          
...
