loaded

Processing rootiamo_jobAllData.C...
In ChainMaker
root file .txt list: input file stream bad? 0 is No, 1 is Yes: 0.
There are 25602833events
filename TP_Data_500_jets.root
TP_Data_500_jets
Will run All events.
MC is: 0 Mass is: 100
Outfile is writeable.  Starting loop.
Starting: 25602833 of 25602833
entry  0
entry  10000
entry  20000
entry  30000
entry  40000
entry  50000
entry  60000
entry  70000
entry  80000
entry  90000
entry  100000
entry  110000
entry  120000
entry  130000
entry  140000
entry  150000
entry  160000
entry  170000
entry  180000
entry  190000
entry  200000
entry  210000
entry  220000
entry  230000
entry  240000
entry  250000
entry  260000
entry  270000
entry  280000
entry  290000
entry  300000
entry  310000
entry  320000
entry  330000
entry  340000
entry  350000
entry  360000
entry  370000
entry  380000
entry  390000
entry  400000
entry  410000
entry  420000
entry  430000
entry  440000
entry  450000
entry  460000
entry  470000
entry  480000
entry  490000
entry  500000
entry  510000
entry  520000
entry  530000
entry  540000
entry  550000
entry  560000
entry  570000
entry  580000
entry  590000
entry  600000
entry  610000
entry  620000
entry  630000
entry  640000
entry  650000
entry  660000
entry  670000
entry  680000
entry  690000
entry  700000
entry  710000
entry  720000
entry  730000
entry  740000
entry  750000
entry  760000
entry  770000
entry  780000
entry  790000
entry  800000
entry  810000
entry  820000
entry  830000
entry  840000
entry  850000
entry  860000
entry  870000
entry  880000
entry  890000
entry  900000
entry  910000
entry  920000
entry  930000
entry  940000
entry  950000
entry  960000
entry  970000
entry  980000
entry  990000
entry  1000000
entry  1010000
entry  1020000
entry  1030000
entry  1040000
entry  1050000
entry  1060000
entry  1070000
entry  1080000
entry  1090000
entry  1100000
entry  1110000
entry  1120000
entry  1130000
entry  1140000
entry  1150000
entry  1160000
entry  1170000
entry  1180000
entry  1190000
entry  1200000
entry  1210000
entry  1220000
entry  1230000
entry  1240000
entry  1250000
entry  1260000
entry  1270000
entry  1280000
entry  1290000
entry  1300000
entry  1310000
entry  1320000
entry  1330000
entry  1340000
entry  1350000
entry  1360000
entry  1370000
entry  1380000
entry  1390000
entry  1400000
entry  1410000
entry  1420000
entry  1430000
entry  1440000
entry  1450000
entry  1460000
entry  1470000
entry  1480000
entry  1490000
entry  1500000
entry  1510000
entry  1520000
entry  1530000
entry  1540000
entry  1550000
entry  1560000
entry  1570000
entry  1580000
entry  1590000
entry  1600000
entry  1610000
entry  1620000
entry  1630000
entry  1640000
entry  1650000
entry  1660000
entry  1670000
entry  1680000
entry  1690000
entry  1700000
entry  1710000
entry  1720000
entry  1730000
entry  1740000
entry  1750000
entry  1760000
entry  1770000
entry  1780000
entry  1790000
entry  1800000
entry  1810000
entry  1820000
entry  1830000
entry  1840000
entry  1850000
entry  1860000
entry  1870000
entry  1880000
entry  1890000
entry  1900000
entry  1910000
entry  1920000
entry  1930000
entry  1940000
entry  1950000
entry  1960000
entry  1970000
entry  1980000
entry  1990000
entry  2000000
entry  2010000
entry  2020000
entry  2030000
entry  2040000
entry  2050000
entry  2060000
entry  2070000
Bad vertex: 2078939
entry  2080000
entry  2090000
entry  2100000
entry  2110000
entry  2120000
entry  2130000
entry  2140000
entry  2150000
entry  2160000
entry  2170000
entry  2180000
Bad vertex: 2180294
entry  2190000
entry  2200000
entry  2210000
entry  2220000
entry  2230000
entry  2240000
entry  2250000
entry  2260000
entry  2270000
entry  2280000
entry  2290000
entry  2300000
entry  2310000
entry  2320000
entry  2330000
entry  2340000
entry  2350000
entry  2360000
entry  2370000
entry  2380000
entry  2390000
entry  2400000
entry  2410000
entry  2420000
entry  2430000
entry  2440000
entry  2450000
entry  2460000
entry  2470000
entry  2480000
entry  2490000
entry  2500000
entry  2510000
entry  2520000
entry  2530000
entry  2540000
entry  2550000
entry  2560000
entry  2570000
entry  2580000
entry  2590000
entry  2600000
entry  2610000
entry  2620000
entry  2630000
entry  2640000
entry  2650000
entry  2660000
entry  2670000
entry  2680000
entry  2690000
entry  2700000
entry  2710000
entry  2720000
entry  2730000
entry  2740000
entry  2750000
entry  2760000
entry  2770000
entry  2780000
entry  2790000
entry  2800000
entry  2810000
entry  2820000
entry  2830000
entry  2840000
entry  2850000
entry  2860000
entry  2870000
entry  2880000
entry  2890000
entry  2900000
entry  2910000
entry  2920000
entry  2930000
entry  2940000
entry  2950000
entry  2960000
entry  2970000
entry  2980000
entry  2990000
entry  3000000
entry  3010000
entry  3020000
entry  3030000
entry  3040000
entry  3050000
entry  3060000
entry  3070000
entry  3080000
entry  3090000
entry  3100000
entry  3110000
entry  3120000
entry  3130000
entry  3140000
entry  3150000
entry  3160000
entry  3170000
entry  3180000
entry  3190000
entry  3200000
entry  3210000
entry  3220000
entry  3230000
entry  3240000
entry  3250000
entry  3260000
entry  3270000
entry  3280000
entry  3290000
entry  3300000
entry  3310000
entry  3320000
entry  3330000
entry  3340000
entry  3350000
entry  3360000
entry  3370000
entry  3380000
entry  3390000
entry  3400000
entry  3410000
entry  3420000
entry  3430000
entry  3440000
entry  3450000
entry  3460000
entry  3470000
entry  3480000
entry  3490000
Bad vertex: 3493011
entry  3500000
entry  3510000
entry  3520000
entry  3530000
entry  3540000
entry  3550000
entry  3560000
entry  3570000
entry  3580000
entry  3590000
entry  3600000
entry  3610000
entry  3620000
entry  3630000
entry  3640000
entry  3650000
entry  3660000
entry  3670000
entry  3680000
entry  3690000
entry  3700000
entry  3710000
entry  3720000
entry  3730000
entry  3740000
entry  3750000
entry  3760000
entry  3770000
entry  3780000
entry  3790000
entry  3800000
entry  3810000
entry  3820000
entry  3830000
entry  3840000
entry  3850000
entry  3860000
entry  3870000
entry  3880000
entry  3890000
entry  3900000
entry  3910000
entry  3920000
entry  3930000
entry  3940000
entry  3950000
entry  3960000
entry  3970000
entry  3980000
entry  3990000
entry  4000000
entry  4010000
entry  4020000
entry  4030000
entry  4040000
entry  4050000
entry  4060000
entry  4070000
entry  4080000
entry  4090000
entry  4100000
entry  4110000
entry  4120000
entry  4130000
entry  4140000
entry  4150000
entry  4160000
entry  4170000
entry  4180000
entry  4190000
entry  4200000
entry  4210000
entry  4220000
entry  4230000
entry  4240000
entry  4250000
entry  4260000
entry  4270000
entry  4280000
entry  4290000
entry  4300000
entry  4310000
entry  4320000
entry  4330000
entry  4340000
entry  4350000
entry  4360000
entry  4370000
entry  4380000
entry  4390000
entry  4400000
entry  4410000
entry  4420000
entry  4430000
entry  4440000
entry  4450000
entry  4460000
entry  4470000
entry  4480000
entry  4490000
entry  4500000
entry  4510000
entry  4520000
entry  4530000
entry  4540000
entry  4550000
entry  4560000
entry  4570000
entry  4580000
entry  4590000
entry  4600000
entry  4610000
entry  4620000
entry  4630000
entry  4640000
entry  4650000
entry  4660000
entry  4670000
entry  4680000
entry  4690000
entry  4700000
entry  4710000
entry  4720000
entry  4730000
entry  4740000
entry  4750000
entry  4760000
entry  4770000
entry  4780000
entry  4790000
entry  4800000
entry  4810000
entry  4820000
entry  4830000
entry  4840000
entry  4850000
entry  4860000
entry  4870000
entry  4880000
entry  4890000
entry  4900000
entry  4910000
entry  4920000
entry  4930000
entry  4940000
entry  4950000
entry  4960000
entry  4970000
entry  4980000
entry  4990000
entry  5000000
entry  5010000
entry  5020000
entry  5030000
entry  5040000
entry  5050000
entry  5060000
entry  5070000
entry  5080000
entry  5090000
entry  5100000
entry  5110000
entry  5120000
entry  5130000
entry  5140000
entry  5150000
entry  5160000
entry  5170000
entry  5180000
entry  5190000
entry  5200000
entry  5210000
entry  5220000
entry  5230000
entry  5240000
entry  5250000
entry  5260000
entry  5270000
entry  5280000
entry  5290000
entry  5300000
entry  5310000
entry  5320000
entry  5330000
entry  5340000
entry  5350000
entry  5360000
entry  5370000
entry  5380000
entry  5390000
entry  5400000
entry  5410000
entry  5420000
entry  5430000
entry  5440000
entry  5450000
entry  5460000
entry  5470000
entry  5480000
entry  5490000
entry  5500000
entry  5510000
entry  5520000
entry  5530000
entry  5540000
entry  5550000
entry  5560000
entry  5570000
entry  5580000
entry  5590000
entry  5600000
entry  5610000
entry  5620000
entry  5630000
entry  5640000
entry  5650000
entry  5660000
entry  5670000
entry  5680000
entry  5690000
entry  5700000
entry  5710000
entry  5720000
entry  5730000
entry  5740000
entry  5750000
entry  5760000
entry  5770000
entry  5780000
entry  5790000
entry  5800000
entry  5810000
entry  5820000
entry  5830000
entry  5840000
entry  5850000
entry  5860000
entry  5870000
entry  5880000
entry  5890000
entry  5900000
entry  5910000
entry  5920000
entry  5930000
entry  5940000
entry  5950000
entry  5960000
entry  5970000
entry  5980000
entry  5990000
entry  6000000
entry  6010000
entry  6020000
entry  6030000
entry  6040000
entry  6050000
entry  6060000
entry  6070000
entry  6080000
entry  6090000
entry  6100000
entry  6110000
entry  6120000
entry  6130000
entry  6140000
entry  6150000
entry  6160000
entry  6170000
entry  6180000
entry  6190000
entry  6200000
entry  6210000
entry  6220000
entry  6230000
entry  6240000
entry  6250000
entry  6260000
entry  6270000
entry  6280000
entry  6290000
entry  6300000
entry  6310000
entry  6320000
entry  6330000
entry  6340000
entry  6350000
entry  6360000
entry  6370000
entry  6380000
entry  6390000
entry  6400000
entry  6410000
entry  6420000
entry  6430000
entry  6440000
entry  6450000
entry  6460000
entry  6470000
entry  6480000
entry  6490000
entry  6500000
entry  6510000
entry  6520000
entry  6530000
entry  6540000
entry  6550000
entry  6560000
entry  6570000
entry  6580000
entry  6590000
entry  6600000
entry  6610000
entry  6620000
entry  6630000
entry  6640000
entry  6650000
entry  6660000
entry  6670000
entry  6680000
entry  6690000
entry  6700000
entry  6710000
entry  6720000
entry  6730000
entry  6740000
entry  6750000
entry  6760000
entry  6770000
entry  6780000
entry  6790000
entry  6800000
entry  6810000
entry  6820000
entry  6830000
entry  6840000
entry  6850000
entry  6860000
entry  6870000
entry  6880000
entry  6890000
entry  6900000
entry  6910000
entry  6920000
entry  6930000
entry  6940000
entry  6950000
entry  6960000
entry  6970000
entry  6980000
entry  6990000
entry  7000000
entry  7010000
entry  7020000
entry  7030000
entry  7040000
entry  7050000
entry  7060000
entry  7070000
entry  7080000
entry  7090000
entry  7100000
entry  7110000
entry  7120000
entry  7130000
entry  7140000
entry  7150000
entry  7160000
entry  7170000
entry  7180000
entry  7190000
entry  7200000
entry  7210000
entry  7220000
entry  7230000
entry  7240000
entry  7250000
entry  7260000
entry  7270000
entry  7280000
entry  7290000
entry  7300000
entry  7310000
entry  7320000
entry  7330000
entry  7340000
entry  7350000
entry  7360000
entry  7370000
entry  7380000
entry  7390000
entry  7400000
entry  7410000
entry  7420000
entry  7430000
entry  7440000
entry  7450000
entry  7460000
entry  7470000
entry  7480000
entry  7490000
entry  7500000
entry  7510000
entry  7520000
entry  7530000
entry  7540000
entry  7550000
entry  7560000
entry  7570000
entry  7580000
entry  7590000
entry  7600000
entry  7610000
entry  7620000
entry  7630000
entry  7640000
entry  7650000
entry  7660000
entry  7670000
entry  7680000
entry  7690000
entry  7700000
entry  7710000
entry  7720000
entry  7730000
entry  7740000
entry  7750000
entry  7760000
entry  7770000
entry  7780000
entry  7790000
entry  7800000
entry  7810000
entry  7820000
entry  7830000
entry  7840000
entry  7850000
entry  7860000
entry  7870000
entry  7880000
entry  7890000
entry  7900000
entry  7910000
entry  7920000
entry  7930000
entry  7940000
entry  7950000
entry  7960000
entry  7970000
entry  7980000
entry  7990000
entry  8000000
entry  8010000
entry  8020000
entry  8030000
entry  8040000
Bad vertex: 8043444
entry  8050000
entry  8060000
Bad vertex: 8066332
entry  8070000
entry  8080000
entry  8090000
entry  8100000
entry  8110000
entry  8120000
entry  8130000
entry  8140000
entry  8150000
entry  8160000
entry  8170000
entry  8180000
entry  8190000
entry  8200000
entry  8210000
entry  8220000
entry  8230000
entry  8240000
entry  8250000
entry  8260000
entry  8270000
entry  8280000
entry  8290000
entry  8300000
entry  8310000
entry  8320000
entry  8330000
entry  8340000
entry  8350000
entry  8360000
entry  8370000
entry  8380000
entry  8390000
entry  8400000
entry  8410000
entry  8420000
entry  8430000
entry  8440000
entry  8450000
entry  8460000
entry  8470000
entry  8480000
entry  8490000
entry  8500000
entry  8510000
entry  8520000
entry  8530000
entry  8540000
entry  8550000
entry  8560000
entry  8570000
entry  8580000
entry  8590000
entry  8600000
entry  8610000
entry  8620000
entry  8630000
entry  8640000
entry  8650000
entry  8660000
entry  8670000
entry  8680000
entry  8690000
entry  8700000
entry  8710000
entry  8720000
entry  8730000
entry  8740000
entry  8750000
entry  8760000
entry  8770000
entry  8780000
entry  8790000
entry  8800000
entry  8810000
entry  8820000
entry  8830000
entry  8840000
entry  8850000
entry  8860000
entry  8870000
entry  8880000
entry  8890000
entry  8900000
entry  8910000
entry  8920000
entry  8930000
entry  8940000
entry  8950000
entry  8960000
entry  8970000
entry  8980000
entry  8990000
entry  9000000
entry  9010000
entry  9020000
entry  9030000
entry  9040000
entry  9050000
entry  9060000
entry  9070000
entry  9080000
entry  9090000
entry  9100000
entry  9110000
entry  9120000
entry  9130000
entry  9140000
entry  9150000
entry  9160000
entry  9170000
entry  9180000
entry  9190000
entry  9200000
entry  9210000
entry  9220000
entry  9230000
entry  9240000
entry  9250000
entry  9260000
entry  9270000
entry  9280000
entry  9290000
entry  9300000
entry  9310000
entry  9320000
entry  9330000
entry  9340000
entry  9350000
entry  9360000
entry  9370000
entry  9380000
entry  9390000
entry  9400000
entry  9410000
entry  9420000
entry  9430000
entry  9440000
entry  9450000
entry  9460000
entry  9470000
entry  9480000
entry  9490000
entry  9500000
entry  9510000
entry  9520000
entry  9530000
entry  9540000
entry  9550000
entry  9560000
entry  9570000
entry  9580000
entry  9590000
entry  9600000
entry  9610000
entry  9620000
entry  9630000
entry  9640000
entry  9650000
entry  9660000
entry  9670000
entry  9680000
entry  9690000
entry  9700000
entry  9710000
entry  9720000
entry  9730000
entry  9740000
entry  9750000
entry  9760000
entry  9770000
entry  9780000
entry  9790000
entry  9800000
entry  9810000
entry  9820000
entry  9830000
entry  9840000
entry  9850000
entry  9860000
entry  9870000
entry  9880000
entry  9890000
entry  9900000
entry  9910000
entry  9920000
entry  9930000
entry  9940000
entry  9950000
entry  9960000
entry  9970000
entry  9980000
entry  9990000
entry  10000000
entry  10010000
entry  10020000
entry  10030000
entry  10040000
entry  10050000
entry  10060000
entry  10070000
entry  10080000
entry  10090000
entry  10100000
entry  10110000
entry  10120000
entry  10130000
entry  10140000
entry  10150000
entry  10160000
entry  10170000
entry  10180000
entry  10190000
entry  10200000
entry  10210000
entry  10220000
entry  10230000
entry  10240000
entry  10250000
entry  10260000
entry  10270000
entry  10280000
entry  10290000
entry  10300000
entry  10310000
entry  10320000
entry  10330000
entry  10340000
entry  10350000
entry  10360000
entry  10370000
entry  10380000
entry  10390000
entry  10400000
entry  10410000
entry  10420000
entry  10430000
entry  10440000
entry  10450000
entry  10460000
entry  10470000
entry  10480000
entry  10490000
entry  10500000
entry  10510000
entry  10520000
entry  10530000
entry  10540000
entry  10550000
entry  10560000
entry  10570000
entry  10580000
entry  10590000
entry  10600000
entry  10610000
entry  10620000
entry  10630000
entry  10640000
entry  10650000
entry  10660000
entry  10670000
entry  10680000
entry  10690000
entry  10700000
entry  10710000
entry  10720000
entry  10730000
entry  10740000
entry  10750000
entry  10760000
entry  10770000
entry  10780000
entry  10790000
entry  10800000
entry  10810000
entry  10820000
entry  10830000
entry  10840000
entry  10850000
entry  10860000
entry  10870000
entry  10880000
entry  10890000
entry  10900000
entry  10910000
entry  10920000
entry  10930000
entry  10940000
entry  10950000
entry  10960000
entry  10970000
entry  10980000
entry  10990000
entry  11000000
entry  11010000
entry  11020000
entry  11030000
entry  11040000
entry  11050000
entry  11060000
entry  11070000
entry  11080000
entry  11090000
entry  11100000
entry  11110000
entry  11120000
entry  11130000
entry  11140000
entry  11150000
entry  11160000
entry  11170000
entry  11180000
entry  11190000
entry  11200000
entry  11210000
entry  11220000
entry  11230000
entry  11240000
entry  11250000
entry  11260000
entry  11270000
entry  11280000
entry  11290000
entry  11300000
entry  11310000
entry  11320000
entry  11330000
entry  11340000
entry  11350000
entry  11360000
entry  11370000
entry  11380000
entry  11390000
entry  11400000
entry  11410000
entry  11420000
entry  11430000
entry  11440000
entry  11450000
entry  11460000
entry  11470000
entry  11480000
entry  11490000
entry  11500000
entry  11510000
entry  11520000
entry  11530000
entry  11540000
entry  11550000
entry  11560000
entry  11570000
entry  11580000
entry  11590000
entry  11600000
entry  11610000
entry  11620000
entry  11630000
entry  11640000
entry  11650000
entry  11660000
entry  11670000
entry  11680000
entry  11690000
entry  11700000
entry  11710000
entry  11720000
entry  11730000
entry  11740000
entry  11750000
entry  11760000
entry  11770000
entry  11780000
entry  11790000
entry  11800000
entry  11810000
entry  11820000
entry  11830000
entry  11840000
entry  11850000
entry  11860000
entry  11870000
entry  11880000
entry  11890000
entry  11900000
entry  11910000
entry  11920000
entry  11930000
entry  11940000
entry  11950000
entry  11960000
entry  11970000
entry  11980000
entry  11990000
entry  12000000
entry  12010000
entry  12020000
entry  12030000
entry  12040000
entry  12050000
entry  12060000
entry  12070000
entry  12080000
entry  12090000
entry  12100000
entry  12110000
entry  12120000
entry  12130000
entry  12140000
entry  12150000
entry  12160000
entry  12170000
entry  12180000
entry  12190000
entry  12200000
entry  12210000
entry  12220000
entry  12230000
entry  12240000
entry  12250000
entry  12260000
entry  12270000
entry  12280000
entry  12290000
entry  12300000
entry  12310000
entry  12320000
entry  12330000
entry  12340000
entry  12350000
entry  12360000
entry  12370000
entry  12380000
entry  12390000
entry  12400000
entry  12410000
entry  12420000
entry  12430000
entry  12440000
entry  12450000
entry  12460000
entry  12470000
entry  12480000
entry  12490000
entry  12500000
entry  12510000
entry  12520000
entry  12530000
entry  12540000
entry  12550000
entry  12560000
entry  12570000
entry  12580000
entry  12590000
entry  12600000
entry  12610000
entry  12620000
entry  12630000
entry  12640000
entry  12650000
entry  12660000
entry  12670000
entry  12680000
entry  12690000
entry  12700000
entry  12710000
entry  12720000
entry  12730000
entry  12740000
entry  12750000
entry  12760000
entry  12770000
entry  12780000
entry  12790000
entry  12800000
entry  12810000
entry  12820000
entry  12830000
entry  12840000
entry  12850000
entry  12860000
entry  12870000
entry  12880000
entry  12890000
entry  12900000
entry  12910000
entry  12920000
entry  12930000
entry  12940000
entry  12950000
entry  12960000
entry  12970000
entry  12980000
entry  12990000
entry  13000000
entry  13010000
entry  13020000
entry  13030000
entry  13040000
entry  13050000
entry  13060000
entry  13070000
entry  13080000
entry  13090000
entry  13100000
entry  13110000
entry  13120000
entry  13130000
entry  13140000
entry  13150000
entry  13160000
entry  13170000
entry  13180000
entry  13190000
entry  13200000
entry  13210000
entry  13220000
entry  13230000
entry  13240000
entry  13250000
entry  13260000
entry  13270000
entry  13280000
entry  13290000
entry  13300000
entry  13310000
entry  13320000
entry  13330000
entry  13340000
entry  13350000
entry  13360000
entry  13370000
entry  13380000
entry  13390000
entry  13400000
entry  13410000
entry  13420000
entry  13430000
entry  13440000
entry  13450000
entry  13460000
entry  13470000
entry  13480000
entry  13490000
entry  13500000
entry  13510000
entry  13520000
entry  13530000
entry  13540000
entry  13550000
entry  13560000
entry  13570000
entry  13580000
entry  13590000
entry  13600000
entry  13610000
entry  13620000
entry  13630000
entry  13640000
entry  13650000
entry  13660000
entry  13670000
entry  13680000
entry  13690000
entry  13700000
entry  13710000
entry  13720000
entry  13730000
entry  13740000
entry  13750000
entry  13760000
entry  13770000
entry  13780000
entry  13790000
entry  13800000
entry  13810000
entry  13820000
entry  13830000
entry  13840000
entry  13850000
entry  13860000
entry  13870000
entry  13880000
entry  13890000
entry  13900000
entry  13910000
entry  13920000
entry  13930000
entry  13940000
entry  13950000
entry  13960000
entry  13970000
entry  13980000
entry  13990000
entry  14000000
entry  14010000
entry  14020000
entry  14030000
entry  14040000
entry  14050000
entry  14060000
entry  14070000
entry  14080000
entry  14090000
entry  14100000
entry  14110000
entry  14120000
entry  14130000
entry  14140000
entry  14150000
entry  14160000
entry  14170000
entry  14180000
entry  14190000
entry  14200000
entry  14210000
entry  14220000
entry  14230000
entry  14240000
entry  14250000
entry  14260000
entry  14270000
entry  14280000
entry  14290000
entry  14300000
entry  14310000
entry  14320000
entry  14330000
entry  14340000
entry  14350000
entry  14360000
entry  14370000
entry  14380000
entry  14390000
entry  14400000
entry  14410000
entry  14420000
entry  14430000
entry  14440000
entry  14450000
entry  14460000
entry  14470000
entry  14480000
entry  14490000
entry  14500000
entry  14510000
entry  14520000
entry  14530000
entry  14540000
entry  14550000
entry  14560000
entry  14570000
entry  14580000
entry  14590000
entry  14600000
entry  14610000
entry  14620000
entry  14630000
entry  14640000
entry  14650000
entry  14660000
entry  14670000
entry  14680000
entry  14690000
entry  14700000
entry  14710000
entry  14720000
entry  14730000
entry  14740000
entry  14750000
entry  14760000
entry  14770000
entry  14780000
entry  14790000
entry  14800000
entry  14810000
entry  14820000
entry  14830000
entry  14840000
entry  14850000
entry  14860000
entry  14870000
entry  14880000
entry  14890000
entry  14900000
entry  14910000
entry  14920000
entry  14930000
entry  14940000
entry  14950000
entry  14960000
entry  14970000
entry  14980000
entry  14990000
entry  15000000
entry  15010000
entry  15020000
entry  15030000
entry  15040000
entry  15050000
entry  15060000
entry  15070000
entry  15080000
entry  15090000
entry  15100000
entry  15110000
entry  15120000
entry  15130000
entry  15140000
entry  15150000
entry  15160000
entry  15170000
entry  15180000
entry  15190000
entry  15200000
entry  15210000
entry  15220000
entry  15230000
entry  15240000
entry  15250000
entry  15260000
entry  15270000
entry  15280000
entry  15290000
entry  15300000
entry  15310000
entry  15320000
entry  15330000
entry  15340000
entry  15350000
entry  15360000
entry  15370000
entry  15380000
entry  15390000
entry  15400000
entry  15410000
entry  15420000
entry  15430000
entry  15440000
entry  15450000
entry  15460000
entry  15470000
entry  15480000
entry  15490000
entry  15500000
entry  15510000
entry  15520000
entry  15530000
entry  15540000
entry  15550000
entry  15560000
entry  15570000
entry  15580000
entry  15590000
entry  15600000
entry  15610000
entry  15620000
entry  15630000
entry  15640000
entry  15650000
entry  15660000
entry  15670000
entry  15680000
entry  15690000
entry  15700000
entry  15710000
entry  15720000
entry  15730000
entry  15740000
entry  15750000
entry  15760000
entry  15770000
entry  15780000
entry  15790000
entry  15800000
entry  15810000
entry  15820000
entry  15830000
entry  15840000
entry  15850000
entry  15860000
entry  15870000
entry  15880000
entry  15890000
entry  15900000
entry  15910000
entry  15920000
entry  15930000
entry  15940000
entry  15950000
entry  15960000
entry  15970000
entry  15980000
entry  15990000
entry  16000000
entry  16010000
entry  16020000
entry  16030000
entry  16040000
entry  16050000
entry  16060000
entry  16070000
entry  16080000
entry  16090000
entry  16100000
entry  16110000
entry  16120000
entry  16130000
entry  16140000
entry  16150000
entry  16160000
entry  16170000
entry  16180000
entry  16190000
entry  16200000
entry  16210000
entry  16220000
entry  16230000
entry  16240000
entry  16250000
entry  16260000
entry  16270000
entry  16280000
entry  16290000
entry  16300000
entry  16310000
entry  16320000
entry  16330000
entry  16340000
entry  16350000
entry  16360000
entry  16370000
entry  16380000
entry  16390000
entry  16400000
entry  16410000
entry  16420000
entry  16430000
entry  16440000
entry  16450000
entry  16460000
entry  16470000
entry  16480000
entry  16490000
entry  16500000
entry  16510000
entry  16520000
entry  16530000
entry  16540000
entry  16550000
entry  16560000
entry  16570000
entry  16580000
entry  16590000
entry  16600000
entry  16610000
entry  16620000
entry  16630000
entry  16640000
entry  16650000
entry  16660000
entry  16670000
entry  16680000
entry  16690000
entry  16700000
entry  16710000
entry  16720000
entry  16730000
entry  16740000
entry  16750000
entry  16760000
entry  16770000
entry  16780000
entry  16790000
entry  16800000
entry  16810000
entry  16820000
entry  16830000
entry  16840000
entry  16850000
entry  16860000
entry  16870000
entry  16880000
entry  16890000
entry  16900000
entry  16910000
entry  16920000
entry  16930000
entry  16940000
entry  16950000
entry  16960000
entry  16970000
entry  16980000
entry  16990000
entry  17000000
entry  17010000
entry  17020000
entry  17030000
entry  17040000
entry  17050000
entry  17060000
entry  17070000
entry  17080000
entry  17090000
entry  17100000
entry  17110000
entry  17120000
entry  17130000
entry  17140000
entry  17150000
entry  17160000
entry  17170000
entry  17180000
entry  17190000
entry  17200000
entry  17210000
entry  17220000
entry  17230000
entry  17240000
entry  17250000
entry  17260000
entry  17270000
entry  17280000
entry  17290000
entry  17300000
entry  17310000
entry  17320000
entry  17330000
entry  17340000
entry  17350000
entry  17360000
entry  17370000
entry  17380000
entry  17390000
entry  17400000
entry  17410000
entry  17420000
entry  17430000
entry  17440000
entry  17450000
entry  17460000
entry  17470000
entry  17480000
entry  17490000
entry  17500000
entry  17510000
entry  17520000
entry  17530000
entry  17540000
entry  17550000
entry  17560000
entry  17570000
entry  17580000
entry  17590000
entry  17600000
entry  17610000
entry  17620000
entry  17630000
entry  17640000
entry  17650000
entry  17660000
entry  17670000
entry  17680000
entry  17690000
entry  17700000
entry  17710000
entry  17720000
entry  17730000
entry  17740000
entry  17750000
entry  17760000
entry  17770000
entry  17780000
entry  17790000
entry  17800000
entry  17810000
entry  17820000
entry  17830000
entry  17840000
entry  17850000
entry  17860000
entry  17870000
entry  17880000
entry  17890000
entry  17900000
entry  17910000
entry  17920000
entry  17930000
entry  17940000
entry  17950000
entry  17960000
entry  17970000
entry  17980000
entry  17990000
entry  18000000
entry  18010000
entry  18020000
entry  18030000
entry  18040000
entry  18050000
entry  18060000
entry  18070000
entry  18080000
entry  18090000
entry  18100000
entry  18110000
entry  18120000
entry  18130000
entry  18140000
entry  18150000
entry  18160000
entry  18170000
entry  18180000
entry  18190000
entry  18200000
entry  18210000
entry  18220000
entry  18230000
entry  18240000
entry  18250000
entry  18260000
entry  18270000
entry  18280000
entry  18290000
entry  18300000
entry  18310000
entry  18320000
entry  18330000
entry  18340000
entry  18350000
entry  18360000
entry  18370000
entry  18380000
entry  18390000
entry  18400000
entry  18410000
entry  18420000
entry  18430000
entry  18440000
entry  18450000
entry  18460000
entry  18470000
entry  18480000
entry  18490000
entry  18500000
entry  18510000
entry  18520000
entry  18530000
entry  18540000
entry  18550000
entry  18560000
entry  18570000
entry  18580000
entry  18590000
entry  18600000
entry  18610000
entry  18620000
entry  18630000
entry  18640000
entry  18650000
entry  18660000
entry  18670000
entry  18680000
entry  18690000
entry  18700000
entry  18710000
entry  18720000
entry  18730000
entry  18740000
entry  18750000
entry  18760000
entry  18770000
entry  18780000
entry  18790000
entry  18800000
entry  18810000
entry  18820000
entry  18830000
entry  18840000
entry  18850000
entry  18860000
entry  18870000
entry  18880000
entry  18890000
entry  18900000
entry  18910000
entry  18920000
entry  18930000
entry  18940000
entry  18950000
entry  18960000
entry  18970000
entry  18980000
entry  18990000
entry  19000000
entry  19010000
entry  19020000
entry  19030000
entry  19040000
entry  19050000
entry  19060000
entry  19070000
entry  19080000
entry  19090000
entry  19100000
entry  19110000
entry  19120000
entry  19130000
entry  19140000
entry  19150000
entry  19160000
entry  19170000
entry  19180000
entry  19190000
entry  19200000
entry  19210000
entry  19220000
entry  19230000
entry  19240000
entry  19250000
entry  19260000
entry  19270000
entry  19280000
entry  19290000
entry  19300000
entry  19310000
entry  19320000
entry  19330000
entry  19340000
entry  19350000
entry  19360000
entry  19370000
entry  19380000
entry  19390000
entry  19400000
entry  19410000
entry  19420000
entry  19430000
entry  19440000
entry  19450000
entry  19460000
entry  19470000
entry  19480000
entry  19490000
entry  19500000
entry  19510000
entry  19520000
entry  19530000
entry  19540000
entry  19550000
entry  19560000
entry  19570000
entry  19580000
entry  19590000
entry  19600000
entry  19610000
entry  19620000
entry  19630000
entry  19640000
entry  19650000
entry  19660000
entry  19670000
entry  19680000
entry  19690000
entry  19700000
entry  19710000
entry  19720000
entry  19730000
entry  19740000
entry  19750000
entry  19760000
entry  19770000
entry  19780000
entry  19790000
entry  19800000
entry  19810000
entry  19820000
entry  19830000
entry  19840000
entry  19850000
entry  19860000
entry  19870000
entry  19880000
entry  19890000
entry  19900000
entry  19910000
entry  19920000
entry  19930000
entry  19940000
entry  19950000
entry  19960000
entry  19970000
entry  19980000
entry  19990000
entry  20000000
entry  20010000
entry  20020000
entry  20030000
entry  20040000
entry  20050000
entry  20060000
entry  20070000
entry  20080000
entry  20090000
entry  20100000
entry  20110000
entry  20120000
entry  20130000
entry  20140000
entry  20150000
entry  20160000
entry  20170000
entry  20180000
entry  20190000
entry  20200000
entry  20210000
entry  20220000
entry  20230000
entry  20240000
entry  20250000
entry  20260000
entry  20270000
entry  20280000
entry  20290000
entry  20300000
entry  20310000
entry  20320000
entry  20330000
entry  20340000
entry  20350000
entry  20360000
entry  20370000
entry  20380000
entry  20390000
entry  20400000
entry  20410000
entry  20420000
entry  20430000
entry  20440000
entry  20450000
entry  20460000
entry  20470000
entry  20480000
entry  20490000
entry  20500000
entry  20510000
entry  20520000
entry  20530000
entry  20540000
entry  20550000
entry  20560000
entry  20570000
entry  20580000
entry  20590000
entry  20600000
entry  20610000
entry  20620000
entry  20630000
entry  20640000
entry  20650000
entry  20660000
entry  20670000
entry  20680000
entry  20690000
entry  20700000
entry  20710000
entry  20720000
entry  20730000
entry  20740000
entry  20750000
entry  20760000
entry  20770000
entry  20780000
entry  20790000
entry  20800000
entry  20810000
entry  20820000
entry  20830000
entry  20840000
entry  20850000
entry  20860000
entry  20870000
entry  20880000
entry  20890000
entry  20900000
entry  20910000
entry  20920000
entry  20930000
entry  20940000
entry  20950000
entry  20960000
entry  20970000
entry  20980000
entry  20990000
entry  21000000
entry  21010000
entry  21020000
entry  21030000
entry  21040000
entry  21050000
entry  21060000
entry  21070000
entry  21080000
entry  21090000
entry  21100000
entry  21110000
entry  21120000
entry  21130000
entry  21140000
entry  21150000
entry  21160000
entry  21170000
entry  21180000
entry  21190000
entry  21200000
entry  21210000
entry  21220000
entry  21230000
entry  21240000
entry  21250000
entry  21260000
entry  21270000
entry  21280000
entry  21290000
entry  21300000
entry  21310000
entry  21320000
entry  21330000
entry  21340000
entry  21350000
entry  21360000
entry  21370000
entry  21380000
entry  21390000
entry  21400000
entry  21410000
entry  21420000
entry  21430000
entry  21440000
entry  21450000
entry  21460000
entry  21470000
entry  21480000
entry  21490000
entry  21500000
entry  21510000
entry  21520000
entry  21530000
entry  21540000
entry  21550000
entry  21560000
entry  21570000
entry  21580000
entry  21590000
entry  21600000
entry  21610000
entry  21620000
entry  21630000
entry  21640000
entry  21650000
entry  21660000
entry  21670000
entry  21680000
entry  21690000
entry  21700000
entry  21710000
entry  21720000
entry  21730000
entry  21740000
entry  21750000
entry  21760000
entry  21770000
entry  21780000
entry  21790000
entry  21800000
entry  21810000
entry  21820000
entry  21830000
entry  21840000
entry  21850000
entry  21860000
entry  21870000
entry  21880000
entry  21890000
entry  21900000
entry  21910000
entry  21920000
entry  21930000
entry  21940000
entry  21950000
entry  21960000
entry  21970000
entry  21980000
entry  21990000
entry  22000000
entry  22010000
entry  22020000
entry  22030000
entry  22040000
entry  22050000
entry  22060000
entry  22070000
entry  22080000
entry  22090000
entry  22100000
entry  22110000
entry  22120000
entry  22130000
entry  22140000
entry  22150000
entry  22160000
entry  22170000
entry  22180000
entry  22190000
entry  22200000
entry  22210000
entry  22220000
entry  22230000
entry  22240000
entry  22250000
entry  22260000
entry  22270000
entry  22280000
entry  22290000
entry  22300000
entry  22310000
entry  22320000
entry  22330000
entry  22340000
entry  22350000
entry  22360000
entry  22370000
entry  22380000
entry  22390000
entry  22400000
entry  22410000
entry  22420000
entry  22430000
entry  22440000
entry  22450000
entry  22460000
entry  22470000
entry  22480000
entry  22490000
entry  22500000
entry  22510000
entry  22520000
entry  22530000
entry  22540000
entry  22550000
entry  22560000
entry  22570000
entry  22580000
entry  22590000
entry  22600000
entry  22610000
entry  22620000
entry  22630000
entry  22640000
entry  22650000
entry  22660000
entry  22670000
entry  22680000
entry  22690000
entry  22700000
entry  22710000
entry  22720000
entry  22730000
entry  22740000
entry  22750000
entry  22760000
entry  22770000
entry  22780000
entry  22790000
entry  22800000
entry  22810000
entry  22820000
entry  22830000
entry  22840000
entry  22850000
entry  22860000
entry  22870000
entry  22880000
entry  22890000
entry  22900000
entry  22910000
entry  22920000
entry  22930000
entry  22940000
entry  22950000
entry  22960000
entry  22970000
entry  22980000
entry  22990000
entry  23000000
entry  23010000
entry  23020000
entry  23030000
entry  23040000
entry  23050000
entry  23060000
entry  23070000
entry  23080000
entry  23090000
entry  23100000
entry  23110000
entry  23120000
entry  23130000
entry  23140000
entry  23150000
entry  23160000
entry  23170000
entry  23180000
entry  23190000
entry  23200000
entry  23210000
entry  23220000
entry  23230000
entry  23240000
entry  23250000
entry  23260000
entry  23270000
entry  23280000
entry  23290000
entry  23300000
entry  23310000
entry  23320000
entry  23330000
entry  23340000
entry  23350000
entry  23360000
entry  23370000
entry  23380000
entry  23390000
entry  23400000
entry  23410000
entry  23420000
entry  23430000
entry  23440000
entry  23450000
entry  23460000
entry  23470000
entry  23480000
entry  23490000
entry  23500000
entry  23510000
entry  23520000
entry  23530000
entry  23540000
entry  23550000
entry  23560000
entry  23570000
entry  23580000
entry  23590000
entry  23600000
entry  23610000
entry  23620000
entry  23630000
entry  23640000
entry  23650000
entry  23660000
entry  23670000
entry  23680000
entry  23690000
entry  23700000
entry  23710000
entry  23720000
entry  23730000
entry  23740000
entry  23750000
entry  23760000
entry  23770000
entry  23780000
entry  23790000
entry  23800000
entry  23810000
entry  23820000
entry  23830000
entry  23840000
entry  23850000
entry  23860000
entry  23870000
entry  23880000
entry  23890000
entry  23900000
entry  23910000
entry  23920000
entry  23930000
entry  23940000
entry  23950000
entry  23960000
entry  23970000
entry  23980000
entry  23990000
entry  24000000
entry  24010000
entry  24020000
entry  24030000
entry  24040000
entry  24050000
entry  24060000
entry  24070000
entry  24080000
entry  24090000
entry  24100000
entry  24110000
entry  24120000
entry  24130000
entry  24140000
entry  24150000
entry  24160000
entry  24170000
entry  24180000
entry  24190000
entry  24200000
entry  24210000
entry  24220000
entry  24230000
entry  24240000
entry  24250000
entry  24260000
entry  24270000
entry  24280000
entry  24290000
entry  24300000
entry  24310000
entry  24320000
entry  24330000
entry  24340000
entry  24350000
entry  24360000
entry  24370000
entry  24380000
entry  24390000
entry  24400000
entry  24410000
entry  24420000
entry  24430000
entry  24440000
entry  24450000
entry  24460000
entry  24470000
entry  24480000
entry  24490000
entry  24500000
entry  24510000
entry  24520000
entry  24530000
entry  24540000
entry  24550000
entry  24560000
entry  24570000
entry  24580000
entry  24590000
entry  24600000
entry  24610000
entry  24620000
entry  24630000
entry  24640000
entry  24650000
entry  24660000
entry  24670000
entry  24680000
entry  24690000
entry  24700000
entry  24710000
entry  24720000
entry  24730000
entry  24740000
entry  24750000
entry  24760000
entry  24770000
entry  24780000
entry  24790000
entry  24800000
entry  24810000
entry  24820000
entry  24830000
entry  24840000
entry  24850000
entry  24860000
entry  24870000
entry  24880000
entry  24890000
entry  24900000
entry  24910000
entry  24920000
entry  24930000
entry  24940000
entry  24950000
entry  24960000
entry  24970000
entry  24980000
entry  24990000
entry  25000000
entry  25010000
entry  25020000
entry  25030000
entry  25040000
entry  25050000
entry  25060000
entry  25070000
entry  25080000
entry  25090000
entry  25100000
entry  25110000
entry  25120000
entry  25130000
entry  25140000
entry  25150000
entry  25160000
entry  25170000
entry  25180000
entry  25190000
entry  25200000
entry  25210000
entry  25220000
entry  25230000
entry  25240000
entry  25250000
entry  25260000
entry  25270000
entry  25280000
entry  25290000
entry  25300000
entry  25310000
entry  25320000
entry  25330000
entry  25340000
entry  25350000
entry  25360000
entry  25370000
entry  25380000
entry  25390000
entry  25400000
entry  25410000
entry  25420000
entry  25430000
entry  25440000
entry  25450000
entry  25460000
entry  25470000
entry  25480000
entry  25490000
entry  25500000
entry  25510000
entry  25520000
entry  25530000
entry  25540000
entry  25550000
entry  25560000
entry  25570000
entry  25580000
entry  25590000
entry  25600000
Success! Loop can write output.
Total pairs: 0 >20: 8391
ID pass pairs: 0 >20: 8343
Iso pass pairs: 0 >20: 7174
both pass pairs: 0 >20: 7141
ID fail pairs: 0 >20: 48
Iso fail pairs: 0 >20: 1217
both fail pairs: 0 >20: 15
Wrote histograms.
Wrote root file.
