000 (252356.000.000) 10/20 00:22:08 Job submitted from host: <131.225.189.208:52008>
...
001 (252356.000.000) 10/20 00:22:17 Job executing on host: <131.225.189.218:45206>
...
006 (252356.000.000) 10/20 00:22:26 Image size of job updated: 3
	3  -  MemoryUsage of job (MB)
	2092  -  ResidentSetSize of job (KB)
...
006 (252356.000.000) 10/20 00:23:27 Image size of job updated: 214280
	75  -  MemoryUsage of job (MB)
	76564  -  ResidentSetSize of job (KB)
...
006 (252356.000.000) 10/20 00:24:28 Image size of job updated: 214280
	75  -  MemoryUsage of job (MB)
	76608  -  ResidentSetSize of job (KB)
...
006 (252356.000.000) 10/21 03:01:33 Image size of job updated: 214280
	75  -  MemoryUsage of job (MB)
	76636  -  ResidentSetSize of job (KB)
...
006 (252356.000.000) 10/21 03:02:34 Image size of job updated: 214280
	75  -  MemoryUsage of job (MB)
	76672  -  ResidentSetSize of job (KB)
...
006 (252356.000.000) 10/21 03:03:35 Image size of job updated: 340928
	184  -  MemoryUsage of job (MB)
	187948  -  ResidentSetSize of job (KB)
...
006 (252356.000.000) 10/21 03:04:36 Image size of job updated: 340928
	188  -  MemoryUsage of job (MB)
	192144  -  ResidentSetSize of job (KB)
...
006 (252356.000.000) 10/21 03:05:37 Image size of job updated: 343660
	196  -  MemoryUsage of job (MB)
	200644  -  ResidentSetSize of job (KB)
...
006 (252356.000.000) 10/21 03:07:39 Image size of job updated: 343660
	200  -  MemoryUsage of job (MB)
	204256  -  ResidentSetSize of job (KB)
...
006 (252356.000.000) 10/21 03:09:41 Image size of job updated: 346324
	201  -  MemoryUsage of job (MB)
	204896  -  ResidentSetSize of job (KB)
...
006 (252356.000.000) 10/21 03:10:42 Image size of job updated: 348060
	201  -  MemoryUsage of job (MB)
	204896  -  ResidentSetSize of job (KB)
...
006 (252356.000.000) 10/21 03:11:43 Image size of job updated: 349008
	205  -  MemoryUsage of job (MB)
	209344  -  ResidentSetSize of job (KB)
...
006 (252356.000.000) 10/21 03:12:44 Image size of job updated: 350336
	205  -  MemoryUsage of job (MB)
	209344  -  ResidentSetSize of job (KB)
...
006 (252356.000.000) 10/21 03:13:45 Image size of job updated: 350336
	208  -  MemoryUsage of job (MB)
	212876  -  ResidentSetSize of job (KB)
...
006 (252356.000.000) 10/21 03:14:46 Image size of job updated: 353408
	208  -  MemoryUsage of job (MB)
	212972  -  ResidentSetSize of job (KB)
...
006 (252356.000.000) 10/21 03:15:47 Image size of job updated: 354048
	208  -  MemoryUsage of job (MB)
	212972  -  ResidentSetSize of job (KB)
...
006 (252356.000.000) 10/21 03:16:48 Image size of job updated: 354048
	212  -  MemoryUsage of job (MB)
	216276  -  ResidentSetSize of job (KB)
...
006 (252356.000.000) 10/21 03:17:49 Image size of job updated: 355220
	214  -  MemoryUsage of job (MB)
	218708  -  ResidentSetSize of job (KB)
...
006 (252356.000.000) 10/21 03:19:51 Image size of job updated: 359500
	216  -  MemoryUsage of job (MB)
	220372  -  ResidentSetSize of job (KB)
...
006 (252356.000.000) 10/21 03:22:54 Image size of job updated: 359500
	216  -  MemoryUsage of job (MB)
	220692  -  ResidentSetSize of job (KB)
...
006 (252356.000.000) 10/21 03:24:56 Image size of job updated: 362832
	216  -  MemoryUsage of job (MB)
	220692  -  ResidentSetSize of job (KB)
...
006 (252356.000.000) 10/21 03:25:57 Image size of job updated: 362832
	219  -  MemoryUsage of job (MB)
	223856  -  ResidentSetSize of job (KB)
...
006 (252356.000.000) 10/21 03:27:59 Image size of job updated: 364308
	221  -  MemoryUsage of job (MB)
	226200  -  ResidentSetSize of job (KB)
...
006 (252356.000.000) 10/21 03:29:00 Image size of job updated: 364820
	221  -  MemoryUsage of job (MB)
	226200  -  ResidentSetSize of job (KB)
...
006 (252356.000.000) 10/21 03:30:01 Image size of job updated: 364820
	221  -  MemoryUsage of job (MB)
	226228  -  ResidentSetSize of job (KB)
...
006 (252356.000.000) 10/21 03:31:02 Image size of job updated: 369112
	221  -  MemoryUsage of job (MB)
	226228  -  ResidentSetSize of job (KB)
...
006 (252356.000.000) 10/21 03:32:03 Image size of job updated: 370504
	222  -  MemoryUsage of job (MB)
	227136  -  ResidentSetSize of job (KB)
...
006 (252356.000.000) 10/21 03:46:17 Image size of job updated: 370504
	222  -  MemoryUsage of job (MB)
	227208  -  ResidentSetSize of job (KB)
...
006 (252356.000.000) 10/21 03:53:24 Image size of job updated: 370504
	222  -  MemoryUsage of job (MB)
	227216  -  ResidentSetSize of job (KB)
...
006 (252356.000.000) 10/21 03:54:25 Image size of job updated: 370504
	222  -  MemoryUsage of job (MB)
	227224  -  ResidentSetSize of job (KB)
...
006 (252356.000.000) 10/21 04:11:42 Image size of job updated: 370504
	223  -  MemoryUsage of job (MB)
	227512  -  ResidentSetSize of job (KB)
...
006 (252356.000.000) 10/21 04:13:44 Image size of job updated: 372352
	225  -  MemoryUsage of job (MB)
	229576  -  ResidentSetSize of job (KB)
...
006 (252356.000.000) 10/21 04:14:45 Image size of job updated: 372352
	225  -  MemoryUsage of job (MB)
	229708  -  ResidentSetSize of job (KB)
...
006 (252356.000.000) 10/21 04:15:46 Image size of job updated: 373488
	225  -  MemoryUsage of job (MB)
	230132  -  ResidentSetSize of job (KB)
...
006 (252356.000.000) 10/21 04:16:47 Image size of job updated: 375000
	226  -  MemoryUsage of job (MB)
	231152  -  ResidentSetSize of job (KB)
...
006 (252356.000.000) 10/21 04:17:48 Image size of job updated: 375312
	227  -  MemoryUsage of job (MB)
	232180  -  ResidentSetSize of job (KB)
...
006 (252356.000.000) 10/21 04:18:49 Image size of job updated: 375544
	227  -  MemoryUsage of job (MB)
	232180  -  ResidentSetSize of job (KB)
...
006 (252356.000.000) 10/21 04:19:50 Image size of job updated: 377420
	228  -  MemoryUsage of job (MB)
	232832  -  ResidentSetSize of job (KB)
...
006 (252356.000.000) 10/21 04:20:51 Image size of job updated: 378396
	229  -  MemoryUsage of job (MB)
	233904  -  ResidentSetSize of job (KB)
...
006 (252356.000.000) 10/21 04:21:52 Image size of job updated: 381408
	230  -  MemoryUsage of job (MB)
	234672  -  ResidentSetSize of job (KB)
...
006 (252356.000.000) 10/21 04:22:53 Image size of job updated: 381808
	230  -  MemoryUsage of job (MB)
	235084  -  ResidentSetSize of job (KB)
...
006 (252356.000.000) 10/21 04:23:54 Image size of job updated: 382856
	230  -  MemoryUsage of job (MB)
	235084  -  ResidentSetSize of job (KB)
...
006 (252356.000.000) 10/21 04:24:55 Image size of job updated: 383588
	232  -  MemoryUsage of job (MB)
	237236  -  ResidentSetSize of job (KB)
...
006 (252356.000.000) 10/21 04:26:57 Image size of job updated: 384592
	233  -  MemoryUsage of job (MB)
	237572  -  ResidentSetSize of job (KB)
...
006 (252356.000.000) 10/21 04:27:58 Image size of job updated: 385804
	233  -  MemoryUsage of job (MB)
	238024  -  ResidentSetSize of job (KB)
...
006 (252356.000.000) 10/21 04:28:58 Image size of job updated: 386004
	233  -  MemoryUsage of job (MB)
	238024  -  ResidentSetSize of job (KB)
...
006 (252356.000.000) 10/21 04:29:58 Image size of job updated: 387216
	235  -  MemoryUsage of job (MB)
	239848  -  ResidentSetSize of job (KB)
...
006 (252356.000.000) 10/21 04:30:58 Image size of job updated: 387232
	235  -  MemoryUsage of job (MB)
	239848  -  ResidentSetSize of job (KB)
...
006 (252356.000.000) 10/21 04:31:58 Image size of job updated: 388396
	235  -  MemoryUsage of job (MB)
	240480  -  ResidentSetSize of job (KB)
...
006 (252356.000.000) 10/21 04:32:58 Image size of job updated: 391080
	239  -  MemoryUsage of job (MB)
	244136  -  ResidentSetSize of job (KB)
...
006 (252356.000.000) 10/21 04:34:58 Image size of job updated: 392008
	240  -  MemoryUsage of job (MB)
	245000  -  ResidentSetSize of job (KB)
...
006 (252356.000.000) 10/21 04:35:58 Image size of job updated: 392008
	240  -  MemoryUsage of job (MB)
	245396  -  ResidentSetSize of job (KB)
...
006 (252356.000.000) 10/21 04:37:58 Image size of job updated: 392040
	240  -  MemoryUsage of job (MB)
	245396  -  ResidentSetSize of job (KB)
...
006 (252356.000.000) 10/21 04:38:58 Image size of job updated: 392428
	240  -  MemoryUsage of job (MB)
	245396  -  ResidentSetSize of job (KB)
...
006 (252356.000.000) 10/21 04:39:58 Image size of job updated: 393960
	240  -  MemoryUsage of job (MB)
	245396  -  ResidentSetSize of job (KB)
...
006 (252356.000.000) 10/21 04:40:58 Image size of job updated: 395652
	252  -  MemoryUsage of job (MB)
	257788  -  ResidentSetSize of job (KB)
...
006 (252356.000.000) 10/21 04:41:58 Image size of job updated: 398132
	256  -  MemoryUsage of job (MB)
	262136  -  ResidentSetSize of job (KB)
...
006 (252356.000.000) 10/21 04:43:58 Image size of job updated: 399876
	256  -  MemoryUsage of job (MB)
	262136  -  ResidentSetSize of job (KB)
...
006 (252356.000.000) 10/21 04:44:58 Image size of job updated: 399876
	257  -  MemoryUsage of job (MB)
	263076  -  ResidentSetSize of job (KB)
...
006 (252356.000.000) 10/21 04:45:58 Image size of job updated: 401312
	257  -  MemoryUsage of job (MB)
	263076  -  ResidentSetSize of job (KB)
...
006 (252356.000.000) 10/21 04:46:58 Image size of job updated: 401584
	259  -  MemoryUsage of job (MB)
	265044  -  ResidentSetSize of job (KB)
...
006 (252356.000.000) 10/21 04:47:58 Image size of job updated: 402548
	259  -  MemoryUsage of job (MB)
	265044  -  ResidentSetSize of job (KB)
...
006 (252356.000.000) 10/21 04:48:58 Image size of job updated: 404796
	263  -  MemoryUsage of job (MB)
	268596  -  ResidentSetSize of job (KB)
...
006 (252356.000.000) 10/21 04:49:58 Image size of job updated: 405300
	263  -  MemoryUsage of job (MB)
	268596  -  ResidentSetSize of job (KB)
...
006 (252356.000.000) 10/21 04:50:58 Image size of job updated: 407748
	263  -  MemoryUsage of job (MB)
	268596  -  ResidentSetSize of job (KB)
...
006 (252356.000.000) 10/21 04:52:58 Image size of job updated: 408756
	263  -  MemoryUsage of job (MB)
	269008  -  ResidentSetSize of job (KB)
...
006 (252356.000.000) 10/21 04:53:58 Image size of job updated: 408756
	264  -  MemoryUsage of job (MB)
	269468  -  ResidentSetSize of job (KB)
...
006 (252356.000.000) 10/21 04:54:58 Image size of job updated: 408992
	265  -  MemoryUsage of job (MB)
	270420  -  ResidentSetSize of job (KB)
...
006 (252356.000.000) 10/21 04:55:58 Image size of job updated: 408992
	265  -  MemoryUsage of job (MB)
	270724  -  ResidentSetSize of job (KB)
...
006 (252356.000.000) 10/21 04:56:58 Image size of job updated: 411308
	265  -  MemoryUsage of job (MB)
	271308  -  ResidentSetSize of job (KB)
...
006 (252356.000.000) 10/21 04:58:58 Image size of job updated: 412164
	268  -  MemoryUsage of job (MB)
	274368  -  ResidentSetSize of job (KB)
...
006 (252356.000.000) 10/21 05:00:58 Image size of job updated: 415632
	272  -  MemoryUsage of job (MB)
	277660  -  ResidentSetSize of job (KB)
...
006 (252356.000.000) 10/21 05:01:58 Image size of job updated: 417656
	274  -  MemoryUsage of job (MB)
	280264  -  ResidentSetSize of job (KB)
...
006 (252356.000.000) 10/21 05:03:58 Image size of job updated: 418064
	274  -  MemoryUsage of job (MB)
	280264  -  ResidentSetSize of job (KB)
...
006 (252356.000.000) 10/21 05:04:58 Image size of job updated: 419024
	276  -  MemoryUsage of job (MB)
	282096  -  ResidentSetSize of job (KB)
...
006 (252356.000.000) 10/21 05:05:58 Image size of job updated: 419920
	276  -  MemoryUsage of job (MB)
	282096  -  ResidentSetSize of job (KB)
...
006 (252356.000.000) 10/21 05:06:58 Image size of job updated: 421128
	276  -  MemoryUsage of job (MB)
	282096  -  ResidentSetSize of job (KB)
...
006 (252356.000.000) 10/21 05:08:58 Image size of job updated: 422872
	276  -  MemoryUsage of job (MB)
	282096  -  ResidentSetSize of job (KB)
...
006 (252356.000.000) 10/21 05:09:58 Image size of job updated: 423496
	277  -  MemoryUsage of job (MB)
	283140  -  ResidentSetSize of job (KB)
...
006 (252356.000.000) 10/21 05:10:58 Image size of job updated: 424932
	277  -  MemoryUsage of job (MB)
	283140  -  ResidentSetSize of job (KB)
...
006 (252356.000.000) 10/21 05:11:58 Image size of job updated: 425396
	278  -  MemoryUsage of job (MB)
	284404  -  ResidentSetSize of job (KB)
...
006 (252356.000.000) 10/21 05:13:58 Image size of job updated: 426552
	280  -  MemoryUsage of job (MB)
	286244  -  ResidentSetSize of job (KB)
...
006 (252356.000.000) 10/21 05:14:58 Image size of job updated: 426552
	285  -  MemoryUsage of job (MB)
	291780  -  ResidentSetSize of job (KB)
...
006 (252356.000.000) 10/21 05:15:58 Image size of job updated: 429544
	289  -  MemoryUsage of job (MB)
	294988  -  ResidentSetSize of job (KB)
...
006 (252356.000.000) 10/21 05:17:58 Image size of job updated: 430688
	289  -  MemoryUsage of job (MB)
	294988  -  ResidentSetSize of job (KB)
...
006 (252356.000.000) 10/21 05:18:58 Image size of job updated: 430688
	289  -  MemoryUsage of job (MB)
	295048  -  ResidentSetSize of job (KB)
...
006 (252356.000.000) 10/21 05:19:58 Image size of job updated: 431812
	289  -  MemoryUsage of job (MB)
	295048  -  ResidentSetSize of job (KB)
...
006 (252356.000.000) 10/21 05:20:58 Image size of job updated: 434152
	292  -  MemoryUsage of job (MB)
	298952  -  ResidentSetSize of job (KB)
...
006 (252356.000.000) 10/21 05:21:58 Image size of job updated: 434256
	292  -  MemoryUsage of job (MB)
	298952  -  ResidentSetSize of job (KB)
...
006 (252356.000.000) 10/21 05:22:58 Image size of job updated: 434476
	292  -  MemoryUsage of job (MB)
	298952  -  ResidentSetSize of job (KB)
...
006 (252356.000.000) 10/21 05:23:58 Image size of job updated: 435828
	292  -  MemoryUsage of job (MB)
	298952  -  ResidentSetSize of job (KB)
...
006 (252356.000.000) 10/21 05:24:58 Image size of job updated: 436740
	292  -  MemoryUsage of job (MB)
	298952  -  ResidentSetSize of job (KB)
...
006 (252356.000.000) 10/21 05:25:58 Image size of job updated: 437276
	292  -  MemoryUsage of job (MB)
	298952  -  ResidentSetSize of job (KB)
...
006 (252356.000.000) 10/21 05:26:58 Image size of job updated: 438024
	292  -  MemoryUsage of job (MB)
	298952  -  ResidentSetSize of job (KB)
...
006 (252356.000.000) 10/21 05:27:58 Image size of job updated: 438620
	294  -  MemoryUsage of job (MB)
	300964  -  ResidentSetSize of job (KB)
...
006 (252356.000.000) 10/21 05:28:58 Image size of job updated: 439868
	294  -  MemoryUsage of job (MB)
	300964  -  ResidentSetSize of job (KB)
...
006 (252356.000.000) 10/21 05:29:58 Image size of job updated: 441920
	298  -  MemoryUsage of job (MB)
	304428  -  ResidentSetSize of job (KB)
...
006 (252356.000.000) 10/21 05:30:58 Image size of job updated: 441920
	299  -  MemoryUsage of job (MB)
	306088  -  ResidentSetSize of job (KB)
...
006 (252356.000.000) 10/21 05:31:58 Image size of job updated: 441920
	300  -  MemoryUsage of job (MB)
	306960  -  ResidentSetSize of job (KB)
...
006 (252356.000.000) 10/21 05:32:58 Image size of job updated: 445360
	300  -  MemoryUsage of job (MB)
	306960  -  ResidentSetSize of job (KB)
...
006 (252356.000.000) 10/21 05:33:58 Image size of job updated: 446700
	303  -  MemoryUsage of job (MB)
	310076  -  ResidentSetSize of job (KB)
...
006 (252356.000.000) 10/21 05:34:58 Image size of job updated: 446700
	304  -  MemoryUsage of job (MB)
	310608  -  ResidentSetSize of job (KB)
...
006 (252356.000.000) 10/21 06:03:59 Image size of job updated: 446700
	305  -  MemoryUsage of job (MB)
	311992  -  ResidentSetSize of job (KB)
...
006 (252356.000.000) 10/21 06:06:01 Image size of job updated: 449040
	306  -  MemoryUsage of job (MB)
	313328  -  ResidentSetSize of job (KB)
...
006 (252356.000.000) 10/21 06:07:02 Image size of job updated: 449060
	306  -  MemoryUsage of job (MB)
	313328  -  ResidentSetSize of job (KB)
...
006 (252356.000.000) 10/21 06:08:03 Image size of job updated: 449060
	308  -  MemoryUsage of job (MB)
	315300  -  ResidentSetSize of job (KB)
...
006 (252356.000.000) 10/21 06:09:04 Image size of job updated: 452564
	309  -  MemoryUsage of job (MB)
	316048  -  ResidentSetSize of job (KB)
...
006 (252356.000.000) 10/21 06:10:05 Image size of job updated: 452564
	309  -  MemoryUsage of job (MB)
	316272  -  ResidentSetSize of job (KB)
...
006 (252356.000.000) 10/21 06:12:07 Image size of job updated: 453132
	312  -  MemoryUsage of job (MB)
	318620  -  ResidentSetSize of job (KB)
...
006 (252356.000.000) 10/21 06:13:08 Image size of job updated: 453796
	312  -  MemoryUsage of job (MB)
	319028  -  ResidentSetSize of job (KB)
...
006 (252356.000.000) 10/21 06:14:09 Image size of job updated: 454088
	312  -  MemoryUsage of job (MB)
	319028  -  ResidentSetSize of job (KB)
...
006 (252356.000.000) 10/21 06:15:10 Image size of job updated: 458528
	313  -  MemoryUsage of job (MB)
	320480  -  ResidentSetSize of job (KB)
...
006 (252356.000.000) 10/21 06:16:11 Image size of job updated: 459836
	316  -  MemoryUsage of job (MB)
	323444  -  ResidentSetSize of job (KB)
...
006 (252356.000.000) 10/21 06:18:13 Image size of job updated: 459872
	317  -  MemoryUsage of job (MB)
	324216  -  ResidentSetSize of job (KB)
...
006 (252356.000.000) 10/21 06:19:14 Image size of job updated: 459872
	317  -  MemoryUsage of job (MB)
	324320  -  ResidentSetSize of job (KB)
...
006 (252356.000.000) 10/21 06:20:15 Image size of job updated: 461956
	318  -  MemoryUsage of job (MB)
	325004  -  ResidentSetSize of job (KB)
...
006 (252356.000.000) 10/21 06:21:16 Image size of job updated: 461956
	319  -  MemoryUsage of job (MB)
	325796  -  ResidentSetSize of job (KB)
...
006 (252356.000.000) 10/21 06:22:17 Image size of job updated: 462216
	319  -  MemoryUsage of job (MB)
	325796  -  ResidentSetSize of job (KB)
...
006 (252356.000.000) 10/21 06:23:18 Image size of job updated: 464912
	320  -  MemoryUsage of job (MB)
	326732  -  ResidentSetSize of job (KB)
...
006 (252356.000.000) 10/21 06:25:20 Image size of job updated: 468992
	321  -  MemoryUsage of job (MB)
	328168  -  ResidentSetSize of job (KB)
...
006 (252356.000.000) 10/21 06:26:21 Image size of job updated: 468992
	322  -  MemoryUsage of job (MB)
	328976  -  ResidentSetSize of job (KB)
...
006 (252356.000.000) 10/21 06:28:23 Image size of job updated: 470308
	326  -  MemoryUsage of job (MB)
	333804  -  ResidentSetSize of job (KB)
...
006 (252356.000.000) 10/21 06:29:24 Image size of job updated: 471980
	327  -  MemoryUsage of job (MB)
	334088  -  ResidentSetSize of job (KB)
...
006 (252356.000.000) 10/21 06:30:25 Image size of job updated: 471980
	328  -  MemoryUsage of job (MB)
	335200  -  ResidentSetSize of job (KB)
...
006 (252356.000.000) 10/21 06:31:26 Image size of job updated: 471980
	328  -  MemoryUsage of job (MB)
	335380  -  ResidentSetSize of job (KB)
...
006 (252356.000.000) 10/21 06:32:27 Image size of job updated: 475080
	332  -  MemoryUsage of job (MB)
	339492  -  ResidentSetSize of job (KB)
...
006 (252356.000.000) 10/21 06:34:29 Image size of job updated: 475400
	332  -  MemoryUsage of job (MB)
	339492  -  ResidentSetSize of job (KB)
...
006 (252356.000.000) 10/21 06:36:31 Image size of job updated: 476628
	332  -  MemoryUsage of job (MB)
	339492  -  ResidentSetSize of job (KB)
...
006 (252356.000.000) 10/21 06:37:32 Image size of job updated: 479360
	332  -  MemoryUsage of job (MB)
	339540  -  ResidentSetSize of job (KB)
...
006 (252356.000.000) 10/21 06:39:34 Image size of job updated: 479360
	333  -  MemoryUsage of job (MB)
	340840  -  ResidentSetSize of job (KB)
...
005 (252356.000.000) 10/21 06:39:49 Job terminated.
	(1) Normal termination (return value 0)
		Usr 0 01:34:00, Sys 0 00:07:19  -  Run Remote Usage
		Usr 0 00:00:00, Sys 0 00:00:00  -  Run Local Usage
		Usr 0 01:34:00, Sys 0 00:07:19  -  Total Remote Usage
		Usr 0 00:00:00, Sys 0 00:00:00  -  Total Local Usage
	1864538  -  Run Bytes Sent By Job
	2187  -  Run Bytes Received By Job
	1864538  -  Total Bytes Sent By Job
	2187  -  Total Bytes Received By Job
	Partitionable Resources :    Usage  Request          
	   Cpus                 :                 1          
	   Disk (KB)            :     3853     3853          
	   Memory (MB)          :      333      333          
...
