000 (252358.000.000) 10/20 00:22:08 Job submitted from host: <131.225.189.208:52008>
...
001 (252358.000.000) 10/20 00:23:03 Job executing on host: <131.225.206.254:34758>
...
006 (252358.000.000) 10/20 00:23:12 Image size of job updated: 3
	3  -  MemoryUsage of job (MB)
	2092  -  ResidentSetSize of job (KB)
...
006 (252358.000.000) 10/20 00:24:13 Image size of job updated: 209652
	75  -  MemoryUsage of job (MB)
	76448  -  ResidentSetSize of job (KB)
...
006 (252358.000.000) 10/20 00:25:14 Image size of job updated: 341988
	181  -  MemoryUsage of job (MB)
	184408  -  ResidentSetSize of job (KB)
...
006 (252358.000.000) 10/20 00:26:15 Image size of job updated: 350108
	201  -  MemoryUsage of job (MB)
	204884  -  ResidentSetSize of job (KB)
...
006 (252358.000.000) 10/20 00:29:18 Image size of job updated: 351064
	201  -  MemoryUsage of job (MB)
	204884  -  ResidentSetSize of job (KB)
...
006 (252358.000.000) 10/20 00:31:20 Image size of job updated: 351064
	205  -  MemoryUsage of job (MB)
	209380  -  ResidentSetSize of job (KB)
...
006 (252358.000.000) 10/20 00:32:21 Image size of job updated: 351064
	205  -  MemoryUsage of job (MB)
	209660  -  ResidentSetSize of job (KB)
...
006 (252358.000.000) 10/20 00:33:22 Image size of job updated: 351064
	205  -  MemoryUsage of job (MB)
	209856  -  ResidentSetSize of job (KB)
...
006 (252358.000.000) 10/20 00:34:23 Image size of job updated: 351064
	206  -  MemoryUsage of job (MB)
	210620  -  ResidentSetSize of job (KB)
...
006 (252358.000.000) 10/20 00:36:25 Image size of job updated: 352712
	209  -  MemoryUsage of job (MB)
	214016  -  ResidentSetSize of job (KB)
...
006 (252358.000.000) 10/20 00:39:28 Image size of job updated: 354432
	211  -  MemoryUsage of job (MB)
	215308  -  ResidentSetSize of job (KB)
...
006 (252358.000.000) 10/20 00:40:29 Image size of job updated: 355600
	212  -  MemoryUsage of job (MB)
	216088  -  ResidentSetSize of job (KB)
...
006 (252358.000.000) 10/20 00:41:30 Image size of job updated: 355924
	212  -  MemoryUsage of job (MB)
	216380  -  ResidentSetSize of job (KB)
...
006 (252358.000.000) 10/20 00:42:31 Image size of job updated: 356728
	212  -  MemoryUsage of job (MB)
	216568  -  ResidentSetSize of job (KB)
...
006 (252358.000.000) 10/20 00:43:32 Image size of job updated: 358472
	215  -  MemoryUsage of job (MB)
	219180  -  ResidentSetSize of job (KB)
...
006 (252358.000.000) 10/20 00:44:33 Image size of job updated: 358788
	215  -  MemoryUsage of job (MB)
	219180  -  ResidentSetSize of job (KB)
...
006 (252358.000.000) 10/20 00:45:34 Image size of job updated: 359984
	216  -  MemoryUsage of job (MB)
	220556  -  ResidentSetSize of job (KB)
...
006 (252358.000.000) 10/20 00:46:35 Image size of job updated: 359984
	216  -  MemoryUsage of job (MB)
	220588  -  ResidentSetSize of job (KB)
...
006 (252358.000.000) 10/20 00:47:36 Image size of job updated: 361160
	217  -  MemoryUsage of job (MB)
	221652  -  ResidentSetSize of job (KB)
...
006 (252358.000.000) 10/20 00:48:37 Image size of job updated: 363228
	219  -  MemoryUsage of job (MB)
	224004  -  ResidentSetSize of job (KB)
...
006 (252358.000.000) 10/20 00:49:38 Image size of job updated: 364108
	219  -  MemoryUsage of job (MB)
	224004  -  ResidentSetSize of job (KB)
...
006 (252358.000.000) 10/20 00:51:40 Image size of job updated: 364728
	219  -  MemoryUsage of job (MB)
	224004  -  ResidentSetSize of job (KB)
...
006 (252358.000.000) 10/20 00:52:41 Image size of job updated: 366344
	219  -  MemoryUsage of job (MB)
	224004  -  ResidentSetSize of job (KB)
...
006 (252358.000.000) 10/20 00:54:43 Image size of job updated: 366652
	221  -  MemoryUsage of job (MB)
	226060  -  ResidentSetSize of job (KB)
...
006 (252358.000.000) 10/20 00:55:44 Image size of job updated: 368408
	221  -  MemoryUsage of job (MB)
	226060  -  ResidentSetSize of job (KB)
...
006 (252358.000.000) 10/20 00:56:45 Image size of job updated: 368960
	224  -  MemoryUsage of job (MB)
	228388  -  ResidentSetSize of job (KB)
...
006 (252358.000.000) 10/20 00:57:46 Image size of job updated: 369040
	224  -  MemoryUsage of job (MB)
	228388  -  ResidentSetSize of job (KB)
...
006 (252358.000.000) 10/20 00:58:47 Image size of job updated: 372132
	224  -  MemoryUsage of job (MB)
	228388  -  ResidentSetSize of job (KB)
...
006 (252358.000.000) 10/20 00:59:48 Image size of job updated: 373144
	224  -  MemoryUsage of job (MB)
	228388  -  ResidentSetSize of job (KB)
...
006 (252358.000.000) 10/20 01:02:51 Image size of job updated: 373532
	224  -  MemoryUsage of job (MB)
	228388  -  ResidentSetSize of job (KB)
...
006 (252358.000.000) 10/20 01:03:52 Image size of job updated: 374428
	224  -  MemoryUsage of job (MB)
	228388  -  ResidentSetSize of job (KB)
...
006 (252358.000.000) 10/20 01:05:54 Image size of job updated: 375300
	224  -  MemoryUsage of job (MB)
	228388  -  ResidentSetSize of job (KB)
...
006 (252358.000.000) 10/20 01:06:55 Image size of job updated: 376592
	224  -  MemoryUsage of job (MB)
	228388  -  ResidentSetSize of job (KB)
...
006 (252358.000.000) 10/20 01:07:56 Image size of job updated: 377196
	228  -  MemoryUsage of job (MB)
	233064  -  ResidentSetSize of job (KB)
...
006 (252358.000.000) 10/20 01:08:57 Image size of job updated: 378304
	229  -  MemoryUsage of job (MB)
	233848  -  ResidentSetSize of job (KB)
...
006 (252358.000.000) 10/20 01:10:59 Image size of job updated: 379480
	229  -  MemoryUsage of job (MB)
	233848  -  ResidentSetSize of job (KB)
...
006 (252358.000.000) 10/20 01:12:00 Image size of job updated: 380764
	229  -  MemoryUsage of job (MB)
	234048  -  ResidentSetSize of job (KB)
...
006 (252358.000.000) 10/20 01:13:01 Image size of job updated: 381416
	231  -  MemoryUsage of job (MB)
	235920  -  ResidentSetSize of job (KB)
...
006 (252358.000.000) 10/20 01:14:02 Image size of job updated: 384040
	231  -  MemoryUsage of job (MB)
	236524  -  ResidentSetSize of job (KB)
...
006 (252358.000.000) 10/20 01:15:03 Image size of job updated: 384040
	232  -  MemoryUsage of job (MB)
	237096  -  ResidentSetSize of job (KB)
...
006 (252358.000.000) 10/20 01:17:05 Image size of job updated: 387144
	233  -  MemoryUsage of job (MB)
	237960  -  ResidentSetSize of job (KB)
...
006 (252358.000.000) 10/20 01:20:08 Image size of job updated: 387144
	233  -  MemoryUsage of job (MB)
	237996  -  ResidentSetSize of job (KB)
...
006 (252358.000.000) 10/20 01:21:09 Image size of job updated: 387392
	234  -  MemoryUsage of job (MB)
	238632  -  ResidentSetSize of job (KB)
...
006 (252358.000.000) 10/20 01:22:10 Image size of job updated: 387824
	234  -  MemoryUsage of job (MB)
	239256  -  ResidentSetSize of job (KB)
...
006 (252358.000.000) 10/20 01:23:11 Image size of job updated: 388944
	235  -  MemoryUsage of job (MB)
	240512  -  ResidentSetSize of job (KB)
...
006 (252358.000.000) 10/20 01:24:12 Image size of job updated: 389196
	236  -  MemoryUsage of job (MB)
	240976  -  ResidentSetSize of job (KB)
...
006 (252358.000.000) 10/20 01:25:13 Image size of job updated: 389376
	236  -  MemoryUsage of job (MB)
	241092  -  ResidentSetSize of job (KB)
...
006 (252358.000.000) 10/20 01:26:14 Image size of job updated: 389984
	236  -  MemoryUsage of job (MB)
	241092  -  ResidentSetSize of job (KB)
...
006 (252358.000.000) 10/20 01:27:15 Image size of job updated: 390072
	236  -  MemoryUsage of job (MB)
	241092  -  ResidentSetSize of job (KB)
...
006 (252358.000.000) 10/20 01:28:16 Image size of job updated: 390352
	237  -  MemoryUsage of job (MB)
	242576  -  ResidentSetSize of job (KB)
...
006 (252358.000.000) 10/20 01:29:17 Image size of job updated: 392568
	238  -  MemoryUsage of job (MB)
	243268  -  ResidentSetSize of job (KB)
...
006 (252358.000.000) 10/20 01:30:18 Image size of job updated: 393040
	238  -  MemoryUsage of job (MB)
	243352  -  ResidentSetSize of job (KB)
...
006 (252358.000.000) 10/20 01:31:19 Image size of job updated: 394112
	239  -  MemoryUsage of job (MB)
	244232  -  ResidentSetSize of job (KB)
...
006 (252358.000.000) 10/20 01:37:25 Image size of job updated: 394112
	240  -  MemoryUsage of job (MB)
	244832  -  ResidentSetSize of job (KB)
...
006 (252358.000.000) 10/20 01:38:26 Image size of job updated: 394112
	240  -  MemoryUsage of job (MB)
	244892  -  ResidentSetSize of job (KB)
...
006 (252358.000.000) 10/20 01:40:28 Image size of job updated: 394112
	240  -  MemoryUsage of job (MB)
	244900  -  ResidentSetSize of job (KB)
...
006 (252358.000.000) 10/20 01:41:29 Image size of job updated: 394112
	240  -  MemoryUsage of job (MB)
	244904  -  ResidentSetSize of job (KB)
...
006 (252358.000.000) 10/20 01:42:30 Image size of job updated: 396784
	243  -  MemoryUsage of job (MB)
	248156  -  ResidentSetSize of job (KB)
...
006 (252358.000.000) 10/20 01:44:32 Image size of job updated: 399064
	243  -  MemoryUsage of job (MB)
	248704  -  ResidentSetSize of job (KB)
...
006 (252358.000.000) 10/20 01:48:28 Image size of job updated: 399192
	243  -  MemoryUsage of job (MB)
	248704  -  ResidentSetSize of job (KB)
...
005 (252358.000.000) 10/20 01:48:28 Job terminated.
	(1) Normal termination (return value 0)
		Usr 0 00:50:27, Sys 0 00:02:03  -  Run Remote Usage
		Usr 0 00:00:00, Sys 0 00:00:00  -  Run Local Usage
		Usr 0 00:50:27, Sys 0 00:02:03  -  Total Remote Usage
		Usr 0 00:00:00, Sys 0 00:00:00  -  Total Local Usage
	877282  -  Run Bytes Sent By Job
	2190  -  Run Bytes Received By Job
	877282  -  Total Bytes Sent By Job
	2190  -  Total Bytes Received By Job
	Partitionable Resources :    Usage  Request          
	   Cpus                 :                 1          
	   Disk (KB)            :     2889     2889          
	   Memory (MB)          :      243      243          
...
