000 (252357.000.000) 10/20 00:22:08 Job submitted from host: <131.225.189.208:52008>
...
001 (252357.000.000) 10/20 00:22:17 Job executing on host: <131.225.191.142:42126>
...
006 (252357.000.000) 10/20 00:22:26 Image size of job updated: 209756
	75  -  MemoryUsage of job (MB)
	76504  -  ResidentSetSize of job (KB)
...
006 (252357.000.000) 10/20 00:23:27 Image size of job updated: 209756
	75  -  MemoryUsage of job (MB)
	76544  -  ResidentSetSize of job (KB)
...
006 (252357.000.000) 10/20 23:17:31 Image size of job updated: 209756
	75  -  MemoryUsage of job (MB)
	76552  -  ResidentSetSize of job (KB)
...
006 (252357.000.000) 10/20 23:18:32 Image size of job updated: 209756
	75  -  MemoryUsage of job (MB)
	76576  -  ResidentSetSize of job (KB)
...
006 (252357.000.000) 10/21 05:37:18 Image size of job updated: 209756
	75  -  MemoryUsage of job (MB)
	76596  -  ResidentSetSize of job (KB)
...
006 (252357.000.000) 10/21 05:38:18 Image size of job updated: 209888
	75  -  MemoryUsage of job (MB)
	76624  -  ResidentSetSize of job (KB)
...
006 (252357.000.000) 10/21 06:00:18 Image size of job updated: 339080
	165  -  MemoryUsage of job (MB)
	168560  -  ResidentSetSize of job (KB)
...
006 (252357.000.000) 10/21 06:01:18 Image size of job updated: 344904
	194  -  MemoryUsage of job (MB)
	198384  -  ResidentSetSize of job (KB)
...
006 (252357.000.000) 10/21 06:02:18 Image size of job updated: 344912
	198  -  MemoryUsage of job (MB)
	202644  -  ResidentSetSize of job (KB)
...
006 (252357.000.000) 10/21 06:03:18 Image size of job updated: 344912
	199  -  MemoryUsage of job (MB)
	203412  -  ResidentSetSize of job (KB)
...
006 (252357.000.000) 10/21 06:05:18 Image size of job updated: 344912
	200  -  MemoryUsage of job (MB)
	204468  -  ResidentSetSize of job (KB)
...
006 (252357.000.000) 10/21 06:06:18 Image size of job updated: 344912
	201  -  MemoryUsage of job (MB)
	205248  -  ResidentSetSize of job (KB)
...
006 (252357.000.000) 10/21 06:07:18 Image size of job updated: 347252
	201  -  MemoryUsage of job (MB)
	205516  -  ResidentSetSize of job (KB)
...
006 (252357.000.000) 10/21 06:08:18 Image size of job updated: 347272
	201  -  MemoryUsage of job (MB)
	205516  -  ResidentSetSize of job (KB)
...
006 (252357.000.000) 10/21 06:09:18 Image size of job updated: 347372
	202  -  MemoryUsage of job (MB)
	206248  -  ResidentSetSize of job (KB)
...
006 (252357.000.000) 10/21 06:10:18 Image size of job updated: 347372
	203  -  MemoryUsage of job (MB)
	207444  -  ResidentSetSize of job (KB)
...
006 (252357.000.000) 10/21 06:12:18 Image size of job updated: 349748
	203  -  MemoryUsage of job (MB)
	207444  -  ResidentSetSize of job (KB)
...
006 (252357.000.000) 10/21 06:13:18 Image size of job updated: 349748
	207  -  MemoryUsage of job (MB)
	211116  -  ResidentSetSize of job (KB)
...
006 (252357.000.000) 10/21 06:15:18 Image size of job updated: 350940
	208  -  MemoryUsage of job (MB)
	212772  -  ResidentSetSize of job (KB)
...
006 (252357.000.000) 10/21 06:16:18 Image size of job updated: 352836
	211  -  MemoryUsage of job (MB)
	215988  -  ResidentSetSize of job (KB)
...
006 (252357.000.000) 10/21 06:17:18 Image size of job updated: 355300
	214  -  MemoryUsage of job (MB)
	218948  -  ResidentSetSize of job (KB)
...
006 (252357.000.000) 10/21 06:18:18 Image size of job updated: 355300
	215  -  MemoryUsage of job (MB)
	219232  -  ResidentSetSize of job (KB)
...
006 (252357.000.000) 10/21 06:19:18 Image size of job updated: 355300
	215  -  MemoryUsage of job (MB)
	219656  -  ResidentSetSize of job (KB)
...
006 (252357.000.000) 10/21 06:20:18 Image size of job updated: 358016
	218  -  MemoryUsage of job (MB)
	222388  -  ResidentSetSize of job (KB)
...
006 (252357.000.000) 10/21 06:21:18 Image size of job updated: 358016
	218  -  MemoryUsage of job (MB)
	222544  -  ResidentSetSize of job (KB)
...
006 (252357.000.000) 10/21 06:22:18 Image size of job updated: 358016
	218  -  MemoryUsage of job (MB)
	222576  -  ResidentSetSize of job (KB)
...
006 (252357.000.000) 10/21 06:23:18 Image size of job updated: 359268
	218  -  MemoryUsage of job (MB)
	223172  -  ResidentSetSize of job (KB)
...
006 (252357.000.000) 10/21 06:24:18 Image size of job updated: 361396
	218  -  MemoryUsage of job (MB)
	223172  -  ResidentSetSize of job (KB)
...
006 (252357.000.000) 10/21 06:27:18 Image size of job updated: 364024
	220  -  MemoryUsage of job (MB)
	224536  -  ResidentSetSize of job (KB)
...
006 (252357.000.000) 10/21 06:28:18 Image size of job updated: 364444
	222  -  MemoryUsage of job (MB)
	226620  -  ResidentSetSize of job (KB)
...
006 (252357.000.000) 10/21 06:30:18 Image size of job updated: 365260
	222  -  MemoryUsage of job (MB)
	226624  -  ResidentSetSize of job (KB)
...
006 (252357.000.000) 10/21 06:31:18 Image size of job updated: 368544
	222  -  MemoryUsage of job (MB)
	227180  -  ResidentSetSize of job (KB)
...
006 (252357.000.000) 10/21 06:32:18 Image size of job updated: 370616
	224  -  MemoryUsage of job (MB)
	229292  -  ResidentSetSize of job (KB)
...
006 (252357.000.000) 10/21 06:33:18 Image size of job updated: 370616
	225  -  MemoryUsage of job (MB)
	229584  -  ResidentSetSize of job (KB)
...
006 (252357.000.000) 10/21 06:34:18 Image size of job updated: 370616
	226  -  MemoryUsage of job (MB)
	231372  -  ResidentSetSize of job (KB)
...
006 (252357.000.000) 10/21 06:36:18 Image size of job updated: 371400
	227  -  MemoryUsage of job (MB)
	232148  -  ResidentSetSize of job (KB)
...
006 (252357.000.000) 10/21 06:38:18 Image size of job updated: 372380
	228  -  MemoryUsage of job (MB)
	232888  -  ResidentSetSize of job (KB)
...
006 (252357.000.000) 10/21 06:39:18 Image size of job updated: 373260
	229  -  MemoryUsage of job (MB)
	234264  -  ResidentSetSize of job (KB)
...
006 (252357.000.000) 10/21 06:40:18 Image size of job updated: 373780
	229  -  MemoryUsage of job (MB)
	234264  -  ResidentSetSize of job (KB)
...
006 (252357.000.000) 10/21 06:41:18 Image size of job updated: 374476
	230  -  MemoryUsage of job (MB)
	235156  -  ResidentSetSize of job (KB)
...
006 (252357.000.000) 10/21 06:42:18 Image size of job updated: 376220
	230  -  MemoryUsage of job (MB)
	235156  -  ResidentSetSize of job (KB)
...
006 (252357.000.000) 10/21 06:45:18 Image size of job updated: 377280
	232  -  MemoryUsage of job (MB)
	236708  -  ResidentSetSize of job (KB)
...
006 (252357.000.000) 10/21 06:46:18 Image size of job updated: 380812
	236  -  MemoryUsage of job (MB)
	241148  -  ResidentSetSize of job (KB)
...
006 (252357.000.000) 10/21 06:47:18 Image size of job updated: 380920
	236  -  MemoryUsage of job (MB)
	241148  -  ResidentSetSize of job (KB)
...
006 (252357.000.000) 10/21 06:49:18 Image size of job updated: 382236
	236  -  MemoryUsage of job (MB)
	241148  -  ResidentSetSize of job (KB)
...
006 (252357.000.000) 10/21 06:52:18 Image size of job updated: 383184
	237  -  MemoryUsage of job (MB)
	242672  -  ResidentSetSize of job (KB)
...
006 (252357.000.000) 10/21 06:53:18 Image size of job updated: 385288
	239  -  MemoryUsage of job (MB)
	244140  -  ResidentSetSize of job (KB)
...
006 (252357.000.000) 10/21 06:56:18 Image size of job updated: 385796
	246  -  MemoryUsage of job (MB)
	251320  -  ResidentSetSize of job (KB)
...
006 (252357.000.000) 10/21 06:57:18 Image size of job updated: 386136
	247  -  MemoryUsage of job (MB)
	252836  -  ResidentSetSize of job (KB)
...
006 (252357.000.000) 10/21 06:58:18 Image size of job updated: 388236
	250  -  MemoryUsage of job (MB)
	254992  -  ResidentSetSize of job (KB)
...
006 (252357.000.000) 10/21 06:59:18 Image size of job updated: 389056
	250  -  MemoryUsage of job (MB)
	255812  -  ResidentSetSize of job (KB)
...
006 (252357.000.000) 10/21 07:00:18 Image size of job updated: 389056
	250  -  MemoryUsage of job (MB)
	255816  -  ResidentSetSize of job (KB)
...
006 (252357.000.000) 10/21 07:01:18 Image size of job updated: 389640
	251  -  MemoryUsage of job (MB)
	256404  -  ResidentSetSize of job (KB)
...
006 (252357.000.000) 10/21 07:02:18 Image size of job updated: 390496
	252  -  MemoryUsage of job (MB)
	257272  -  ResidentSetSize of job (KB)
...
006 (252357.000.000) 10/21 07:03:18 Image size of job updated: 391988
	253  -  MemoryUsage of job (MB)
	258764  -  ResidentSetSize of job (KB)
...
006 (252357.000.000) 10/21 07:04:18 Image size of job updated: 393020
	253  -  MemoryUsage of job (MB)
	258948  -  ResidentSetSize of job (KB)
...
006 (252357.000.000) 10/21 07:07:18 Image size of job updated: 394272
	253  -  MemoryUsage of job (MB)
	258948  -  ResidentSetSize of job (KB)
...
006 (252357.000.000) 10/21 07:09:18 Image size of job updated: 394272
	254  -  MemoryUsage of job (MB)
	259464  -  ResidentSetSize of job (KB)
...
006 (252357.000.000) 10/21 07:10:18 Image size of job updated: 394768
	254  -  MemoryUsage of job (MB)
	260032  -  ResidentSetSize of job (KB)
...
006 (252357.000.000) 10/21 07:11:18 Image size of job updated: 397220
	257  -  MemoryUsage of job (MB)
	262472  -  ResidentSetSize of job (KB)
...
006 (252357.000.000) 10/21 07:14:18 Image size of job updated: 399592
	257  -  MemoryUsage of job (MB)
	262472  -  ResidentSetSize of job (KB)
...
006 (252357.000.000) 10/21 07:17:18 Image size of job updated: 402560
	261  -  MemoryUsage of job (MB)
	266432  -  ResidentSetSize of job (KB)
...
006 (252357.000.000) 10/21 07:21:18 Image size of job updated: 402720
	261  -  MemoryUsage of job (MB)
	266432  -  ResidentSetSize of job (KB)
...
006 (252357.000.000) 10/21 07:22:18 Image size of job updated: 403848
	261  -  MemoryUsage of job (MB)
	266456  -  ResidentSetSize of job (KB)
...
006 (252357.000.000) 10/21 07:23:18 Image size of job updated: 403908
	261  -  MemoryUsage of job (MB)
	266744  -  ResidentSetSize of job (KB)
...
006 (252357.000.000) 10/21 07:24:18 Image size of job updated: 407068
	261  -  MemoryUsage of job (MB)
	266744  -  ResidentSetSize of job (KB)
...
006 (252357.000.000) 10/21 07:26:18 Image size of job updated: 407316
	263  -  MemoryUsage of job (MB)
	268780  -  ResidentSetSize of job (KB)
...
006 (252357.000.000) 10/21 07:27:18 Image size of job updated: 407572
	263  -  MemoryUsage of job (MB)
	269040  -  ResidentSetSize of job (KB)
...
006 (252357.000.000) 10/21 07:28:18 Image size of job updated: 408344
	264  -  MemoryUsage of job (MB)
	270296  -  ResidentSetSize of job (KB)
...
006 (252357.000.000) 10/21 07:29:18 Image size of job updated: 409452
	265  -  MemoryUsage of job (MB)
	271012  -  ResidentSetSize of job (KB)
...
006 (252357.000.000) 10/21 07:30:18 Image size of job updated: 410264
	266  -  MemoryUsage of job (MB)
	271648  -  ResidentSetSize of job (KB)
...
006 (252357.000.000) 10/21 07:31:18 Image size of job updated: 410288
	266  -  MemoryUsage of job (MB)
	271648  -  ResidentSetSize of job (KB)
...
006 (252357.000.000) 10/21 07:49:18 Image size of job updated: 410888
	267  -  MemoryUsage of job (MB)
	272956  -  ResidentSetSize of job (KB)
...
006 (252357.000.000) 10/21 07:50:18 Image size of job updated: 410888
	267  -  MemoryUsage of job (MB)
	272968  -  ResidentSetSize of job (KB)
...
006 (252357.000.000) 10/21 07:51:18 Image size of job updated: 411952
	267  -  MemoryUsage of job (MB)
	273352  -  ResidentSetSize of job (KB)
...
006 (252357.000.000) 10/21 07:52:18 Image size of job updated: 415192
	274  -  MemoryUsage of job (MB)
	280348  -  ResidentSetSize of job (KB)
...
006 (252357.000.000) 10/21 07:56:18 Image size of job updated: 416236
	274  -  MemoryUsage of job (MB)
	280348  -  ResidentSetSize of job (KB)
...
006 (252357.000.000) 10/21 07:57:18 Image size of job updated: 417108
	275  -  MemoryUsage of job (MB)
	280852  -  ResidentSetSize of job (KB)
...
006 (252357.000.000) 10/21 07:58:18 Image size of job updated: 417876
	276  -  MemoryUsage of job (MB)
	281656  -  ResidentSetSize of job (KB)
...
006 (252357.000.000) 10/21 07:59:18 Image size of job updated: 418536
	276  -  MemoryUsage of job (MB)
	282156  -  ResidentSetSize of job (KB)
...
006 (252357.000.000) 10/21 08:00:18 Image size of job updated: 419864
	276  -  MemoryUsage of job (MB)
	282156  -  ResidentSetSize of job (KB)
...
006 (252357.000.000) 10/21 08:01:18 Image size of job updated: 420952
	277  -  MemoryUsage of job (MB)
	282736  -  ResidentSetSize of job (KB)
...
006 (252357.000.000) 10/21 08:02:18 Image size of job updated: 421264
	277  -  MemoryUsage of job (MB)
	282736  -  ResidentSetSize of job (KB)
...
006 (252357.000.000) 10/21 08:03:18 Image size of job updated: 422200
	278  -  MemoryUsage of job (MB)
	284508  -  ResidentSetSize of job (KB)
...
006 (252357.000.000) 10/21 08:04:18 Image size of job updated: 424360
	281  -  MemoryUsage of job (MB)
	286752  -  ResidentSetSize of job (KB)
...
006 (252357.000.000) 10/21 08:06:18 Image size of job updated: 426952
	281  -  MemoryUsage of job (MB)
	286752  -  ResidentSetSize of job (KB)
...
006 (252357.000.000) 10/21 08:07:18 Image size of job updated: 426952
	281  -  MemoryUsage of job (MB)
	287372  -  ResidentSetSize of job (KB)
...
006 (252357.000.000) 10/21 08:08:18 Image size of job updated: 426952
	281  -  MemoryUsage of job (MB)
	287404  -  ResidentSetSize of job (KB)
...
006 (252357.000.000) 10/21 08:10:18 Image size of job updated: 427204
	281  -  MemoryUsage of job (MB)
	287404  -  ResidentSetSize of job (KB)
...
006 (252357.000.000) 10/21 08:11:18 Image size of job updated: 428472
	284  -  MemoryUsage of job (MB)
	290512  -  ResidentSetSize of job (KB)
...
006 (252357.000.000) 10/21 08:12:18 Image size of job updated: 428740
	284  -  MemoryUsage of job (MB)
	290768  -  ResidentSetSize of job (KB)
...
006 (252357.000.000) 10/21 08:13:18 Image size of job updated: 429372
	284  -  MemoryUsage of job (MB)
	290768  -  ResidentSetSize of job (KB)
...
006 (252357.000.000) 10/21 08:14:18 Image size of job updated: 430612
	284  -  MemoryUsage of job (MB)
	290768  -  ResidentSetSize of job (KB)
...
006 (252357.000.000) 10/21 08:16:18 Image size of job updated: 434000
	289  -  MemoryUsage of job (MB)
	295520  -  ResidentSetSize of job (KB)
...
006 (252357.000.000) 10/21 08:17:18 Image size of job updated: 434424
	289  -  MemoryUsage of job (MB)
	295900  -  ResidentSetSize of job (KB)
...
006 (252357.000.000) 10/21 08:19:18 Image size of job updated: 436328
	289  -  MemoryUsage of job (MB)
	295900  -  ResidentSetSize of job (KB)
...
006 (252357.000.000) 10/21 08:21:18 Image size of job updated: 437072
	295  -  MemoryUsage of job (MB)
	301172  -  ResidentSetSize of job (KB)
...
006 (252357.000.000) 10/21 08:22:18 Image size of job updated: 437876
	295  -  MemoryUsage of job (MB)
	301868  -  ResidentSetSize of job (KB)
...
006 (252357.000.000) 10/21 08:24:18 Image size of job updated: 437912
	297  -  MemoryUsage of job (MB)
	303232  -  ResidentSetSize of job (KB)
...
006 (252357.000.000) 10/21 08:25:18 Image size of job updated: 438540
	297  -  MemoryUsage of job (MB)
	303288  -  ResidentSetSize of job (KB)
...
006 (252357.000.000) 10/21 08:26:18 Image size of job updated: 438776
	297  -  MemoryUsage of job (MB)
	303288  -  ResidentSetSize of job (KB)
...
006 (252357.000.000) 10/21 08:27:18 Image size of job updated: 442676
	297  -  MemoryUsage of job (MB)
	303288  -  ResidentSetSize of job (KB)
...
006 (252357.000.000) 10/21 08:28:18 Image size of job updated: 442676
	298  -  MemoryUsage of job (MB)
	304596  -  ResidentSetSize of job (KB)
...
006 (252357.000.000) 10/21 08:29:18 Image size of job updated: 443268
	298  -  MemoryUsage of job (MB)
	304596  -  ResidentSetSize of job (KB)
...
006 (252357.000.000) 10/21 08:30:18 Image size of job updated: 443680
	299  -  MemoryUsage of job (MB)
	305204  -  ResidentSetSize of job (KB)
...
006 (252357.000.000) 10/21 08:31:18 Image size of job updated: 443680
	299  -  MemoryUsage of job (MB)
	305992  -  ResidentSetSize of job (KB)
...
006 (252357.000.000) 10/21 08:32:18 Image size of job updated: 445268
	299  -  MemoryUsage of job (MB)
	305992  -  ResidentSetSize of job (KB)
...
006 (252357.000.000) 10/21 08:34:18 Image size of job updated: 445268
	301  -  MemoryUsage of job (MB)
	307420  -  ResidentSetSize of job (KB)
...
006 (252357.000.000) 10/21 08:36:18 Image size of job updated: 445268
	304  -  MemoryUsage of job (MB)
	310384  -  ResidentSetSize of job (KB)
...
006 (252357.000.000) 10/21 08:37:18 Image size of job updated: 445648
	304  -  MemoryUsage of job (MB)
	311016  -  ResidentSetSize of job (KB)
...
006 (252357.000.000) 10/21 08:38:18 Image size of job updated: 446780
	305  -  MemoryUsage of job (MB)
	311620  -  ResidentSetSize of job (KB)
...
006 (252357.000.000) 10/21 08:39:18 Image size of job updated: 446808
	305  -  MemoryUsage of job (MB)
	311632  -  ResidentSetSize of job (KB)
...
006 (252357.000.000) 10/21 08:40:18 Image size of job updated: 447748
	305  -  MemoryUsage of job (MB)
	312200  -  ResidentSetSize of job (KB)
...
006 (252357.000.000) 10/21 08:41:18 Image size of job updated: 450664
	306  -  MemoryUsage of job (MB)
	312480  -  ResidentSetSize of job (KB)
...
006 (252357.000.000) 10/21 08:44:18 Image size of job updated: 450664
	306  -  MemoryUsage of job (MB)
	312652  -  ResidentSetSize of job (KB)
...
006 (252357.000.000) 10/21 08:45:18 Image size of job updated: 452156
	306  -  MemoryUsage of job (MB)
	312652  -  ResidentSetSize of job (KB)
...
006 (252357.000.000) 10/21 08:49:18 Image size of job updated: 452156
	307  -  MemoryUsage of job (MB)
	314280  -  ResidentSetSize of job (KB)
...
006 (252357.000.000) 10/21 08:50:18 Image size of job updated: 453980
	307  -  MemoryUsage of job (MB)
	314280  -  ResidentSetSize of job (KB)
...
006 (252357.000.000) 10/21 08:51:18 Image size of job updated: 454248
	307  -  MemoryUsage of job (MB)
	314280  -  ResidentSetSize of job (KB)
...
006 (252357.000.000) 10/21 08:52:18 Image size of job updated: 455496
	312  -  MemoryUsage of job (MB)
	318956  -  ResidentSetSize of job (KB)
...
006 (252357.000.000) 10/21 08:59:18 Image size of job updated: 457648
	312  -  MemoryUsage of job (MB)
	318956  -  ResidentSetSize of job (KB)
...
006 (252357.000.000) 10/21 09:01:18 Image size of job updated: 457648
	313  -  MemoryUsage of job (MB)
	319868  -  ResidentSetSize of job (KB)
...
006 (252357.000.000) 10/21 09:02:18 Image size of job updated: 459176
	313  -  MemoryUsage of job (MB)
	320044  -  ResidentSetSize of job (KB)
...
006 (252357.000.000) 10/21 09:04:18 Image size of job updated: 459612
	313  -  MemoryUsage of job (MB)
	320044  -  ResidentSetSize of job (KB)
...
006 (252357.000.000) 10/21 09:05:18 Image size of job updated: 462720
	313  -  MemoryUsage of job (MB)
	320044  -  ResidentSetSize of job (KB)
...
006 (252357.000.000) 10/21 09:07:18 Image size of job updated: 462720
	316  -  MemoryUsage of job (MB)
	323048  -  ResidentSetSize of job (KB)
...
006 (252357.000.000) 10/21 09:08:18 Image size of job updated: 462720
	316  -  MemoryUsage of job (MB)
	323228  -  ResidentSetSize of job (KB)
...
006 (252357.000.000) 10/21 09:09:18 Image size of job updated: 465388
	318  -  MemoryUsage of job (MB)
	324916  -  ResidentSetSize of job (KB)
...
006 (252357.000.000) 10/21 09:10:18 Image size of job updated: 465388
	318  -  MemoryUsage of job (MB)
	325396  -  ResidentSetSize of job (KB)
...
006 (252357.000.000) 10/21 09:11:18 Image size of job updated: 466372
	318  -  MemoryUsage of job (MB)
	325396  -  ResidentSetSize of job (KB)
...
006 (252357.000.000) 10/21 09:12:18 Image size of job updated: 467404
	325  -  MemoryUsage of job (MB)
	332384  -  ResidentSetSize of job (KB)
...
006 (252357.000.000) 10/21 09:16:19 Image size of job updated: 469132
	326  -  MemoryUsage of job (MB)
	333464  -  ResidentSetSize of job (KB)
...
006 (252357.000.000) 10/21 09:17:20 Image size of job updated: 470180
	327  -  MemoryUsage of job (MB)
	334032  -  ResidentSetSize of job (KB)
...
006 (252357.000.000) 10/21 09:18:21 Image size of job updated: 471344
	327  -  MemoryUsage of job (MB)
	334800  -  ResidentSetSize of job (KB)
...
006 (252357.000.000) 10/21 09:21:24 Image size of job updated: 471344
	328  -  MemoryUsage of job (MB)
	335464  -  ResidentSetSize of job (KB)
...
006 (252357.000.000) 10/21 09:22:25 Image size of job updated: 471772
	328  -  MemoryUsage of job (MB)
	335464  -  ResidentSetSize of job (KB)
...
006 (252357.000.000) 10/21 09:23:26 Image size of job updated: 472780
	329  -  MemoryUsage of job (MB)
	336592  -  ResidentSetSize of job (KB)
...
006 (252357.000.000) 10/21 09:24:27 Image size of job updated: 475132
	329  -  MemoryUsage of job (MB)
	336592  -  ResidentSetSize of job (KB)
...
006 (252357.000.000) 10/21 09:26:29 Image size of job updated: 475132
	330  -  MemoryUsage of job (MB)
	337724  -  ResidentSetSize of job (KB)
...
006 (252357.000.000) 10/21 09:28:31 Image size of job updated: 475616
	331  -  MemoryUsage of job (MB)
	338448  -  ResidentSetSize of job (KB)
...
006 (252357.000.000) 10/21 09:29:32 Image size of job updated: 476308
	331  -  MemoryUsage of job (MB)
	338448  -  ResidentSetSize of job (KB)
...
006 (252357.000.000) 10/21 09:30:33 Image size of job updated: 477372
	331  -  MemoryUsage of job (MB)
	338448  -  ResidentSetSize of job (KB)
...
005 (252357.000.000) 10/21 09:30:41 Job terminated.
	(1) Normal termination (return value 0)
		Usr 0 01:58:18, Sys 0 00:06:46  -  Run Remote Usage
		Usr 0 00:00:00, Sys 0 00:00:00  -  Run Local Usage
		Usr 0 01:58:18, Sys 0 00:06:46  -  Total Remote Usage
		Usr 0 00:00:00, Sys 0 00:00:00  -  Total Local Usage
	1864662  -  Run Bytes Sent By Job
	2190  -  Run Bytes Received By Job
	1864662  -  Total Bytes Sent By Job
	2190  -  Total Bytes Received By Job
	Partitionable Resources :    Usage  Request          
	   Cpus                 :                 1          
	   Disk (KB)            :     3853     3853          
	   Memory (MB)          :      331      331          
...
